#
# There is insufficient memory for the Java Runtime Environment to continue.
# Native memory allocation (mmap) failed to map 58720256 bytes. Error detail: G1 virtual space
# Possible reasons:
#   The system is out of physical RAM or swap space
#   This process is running with CompressedOops enabled, and the Java Heap may be blocking the growth of the native heap
# Possible solutions:
#   Reduce memory load on the system
#   Increase physical memory or swap space
#   Check if swap backing store is full
#   Decrease Java heap size (-Xmx/-Xms)
#   Decrease number of Java threads
#   Decrease Java thread stack sizes (-Xss)
#   Set larger code cache with -XX:ReservedCodeCacheSize=
#   JVM is running with Unscaled Compressed Oops mode in which the Java heap is
#     placed in the first 4GB address space. The Java Heap base address is the
#     maximum limit for the native heap growth. Please use -XX:HeapBaseMinAddress
#     to set the Java Heap base and to place the Java Heap above 4GB virtual address.
# This output file may be truncated or incomplete.
#
#  Out of Memory Error (os_windows.cpp:3825), pid=10948, tid=10836
#
# JRE version: OpenJDK Runtime Environment (17.0.11) (build 17.0.11+0--11852314)
# Java VM: OpenJDK 64-Bit Server VM (17.0.11+0--11852314, mixed mode, tiered, compressed oops, compressed class ptrs, g1 gc, windows-amd64)
# No core dump will be written. Minidumps are not enabled by default on client versions of Windows
#

---------------  S U M M A R Y ------------

Command Line: --add-opens=java.base/java.util=ALL-UNNAMED --add-opens=java.base/java.lang=ALL-UNNAMED --add-opens=java.base/java.lang.invoke=ALL-UNNAMED --add-opens=java.prefs/java.util.prefs=ALL-UNNAMED --add-opens=java.base/java.nio.charset=ALL-UNNAMED --add-opens=java.base/java.net=ALL-UNNAMED --add-opens=java.base/java.util.concurrent.atomic=ALL-UNNAMED -Xmx2048m -Dfile.encoding=UTF-8 -Duser.country=IN -Duser.language=en -Duser.variant -javaagent:C:\Users\hp 1040\.gradle\wrapper\dists\gradle-8.7-bin\bhs2wmbdwecv87pi65oeuq5iu\gradle-8.7\lib\agents\gradle-instrumentation-agent-8.7.jar org.gradle.launcher.daemon.bootstrap.GradleDaemon 8.7

Host: Intel(R) Core(TM) i7-4600U CPU @ 2.10GHz, 4 cores, 7G,  Windows 10 , 64 bit Build 19041 (10.0.19041.4717)
Time: Thu Sep  5 13:14:08 2024 India Standard Time elapsed time: 14.427083 seconds (0d 0h 0m 14s)

---------------  T H R E A D  ---------------

Current thread (0x000001ab2f7358c0):  VMThread "VM Thread" [stack: 0x0000002a9c100000,0x0000002a9c200000] [id=10836]

Stack: [0x0000002a9c100000,0x0000002a9c200000]
Native frames: (J=compiled Java code, j=interpreted, Vv=VM code, C=native code)
V  [jvm.dll+0x687bb9]
V  [jvm.dll+0x84142a]
V  [jvm.dll+0x8430ae]
V  [jvm.dll+0x843713]
V  [jvm.dll+0x24a35f]
V  [jvm.dll+0x684989]
V  [jvm.dll+0x67923a]
V  [jvm.dll+0x30af0b]
V  [jvm.dll+0x3123b6]
V  [jvm.dll+0x361dfe]
V  [jvm.dll+0x36202f]
V  [jvm.dll+0x2e0d38]
V  [jvm.dll+0x2df144]
V  [jvm.dll+0x2de74c]
V  [jvm.dll+0x32305b]
V  [jvm.dll+0x847e0b]
V  [jvm.dll+0x848b42]
V  [jvm.dll+0x84905d]
V  [jvm.dll+0x849434]
V  [jvm.dll+0x849500]
V  [jvm.dll+0x7efa4a]
V  [jvm.dll+0x686a35]
C  [ucrtbase.dll+0x21bb2]
C  [KERNEL32.DLL+0x17374]
C  [ntdll.dll+0x4cc91]

VM_Operation (0x0000002a9d8f1dc0): G1CollectForAllocation, mode: safepoint, requested by thread 0x000001ab36797100


---------------  P R O C E S S  ---------------

Threads class SMR info:
_java_thread_list=0x000001ab38f2b260, length=46, elements={
0x000001ab1614ee10, 0x000001ab2f758620, 0x000001ab2f7593b0, 0x000001ab2f7432e0,
0x000001ab2f744e20, 0x000001ab2f75a2d0, 0x000001ab2f75aba0, 0x000001ab2f75b7a0,
0x000001ab2f75e0c0, 0x000001ab2f8c43d0, 0x000001ab2f6be390, 0x000001ab2faf6e10,
0x000001ab35dd1ea0, 0x000001ab36338a80, 0x000001ab35f41fe0, 0x000001ab35f26fe0,
0x000001ab35345d70, 0x000001ab35346250, 0x000001ab36797100, 0x000001ab36975370,
0x000001ab36973a20, 0x000001ab36974e60, 0x000001ab36974950, 0x000001ab35f34040,
0x000001ab35f34f70, 0x000001ab35f34a60, 0x000001ab35f321e0, 0x000001ab35f2f960,
0x000001ab35f317c0, 0x000001ab35f30da0, 0x000001ab35f36dd0, 0x000001ab35f35480,
0x000001ab35f326f0, 0x000001ab35f35990, 0x000001ab35f30380, 0x000001ab35f2fe70,
0x000001ab35f30890, 0x000001ab35f33b30, 0x000001ab36fa7060, 0x000001ab36faa810,
0x000001ab36fab740, 0x000001ab36fac160, 0x000001ab36fa7a80, 0x000001ab37304bb0,
0x000001ab36fad090, 0x000001ab36fa7f90
}

Java Threads: ( => current thread )
  0x000001ab1614ee10 JavaThread "main" [_thread_blocked, id=11808, stack(0x0000002a9bb00000,0x0000002a9bc00000)]
  0x000001ab2f758620 JavaThread "Reference Handler" daemon [_thread_blocked, id=532, stack(0x0000002a9c200000,0x0000002a9c300000)]
  0x000001ab2f7593b0 JavaThread "Finalizer" daemon [_thread_blocked, id=6284, stack(0x0000002a9c300000,0x0000002a9c400000)]
  0x000001ab2f7432e0 JavaThread "Signal Dispatcher" daemon [_thread_blocked, id=2372, stack(0x0000002a9c400000,0x0000002a9c500000)]
  0x000001ab2f744e20 JavaThread "Attach Listener" daemon [_thread_blocked, id=11636, stack(0x0000002a9c500000,0x0000002a9c600000)]
  0x000001ab2f75a2d0 JavaThread "Service Thread" daemon [_thread_blocked, id=9352, stack(0x0000002a9c600000,0x0000002a9c700000)]
  0x000001ab2f75aba0 JavaThread "Monitor Deflation Thread" daemon [_thread_blocked, id=356, stack(0x0000002a9c700000,0x0000002a9c800000)]
  0x000001ab2f75b7a0 JavaThread "C2 CompilerThread0" daemon [_thread_blocked, id=12156, stack(0x0000002a9c800000,0x0000002a9c900000)]
  0x000001ab2f75e0c0 JavaThread "C1 CompilerThread0" daemon [_thread_blocked, id=7012, stack(0x0000002a9c900000,0x0000002a9ca00000)]
  0x000001ab2f8c43d0 JavaThread "Sweeper thread" daemon [_thread_blocked, id=12676, stack(0x0000002a9ca00000,0x0000002a9cb00000)]
  0x000001ab2f6be390 JavaThread "Common-Cleaner" daemon [_thread_blocked, id=12668, stack(0x0000002a9cb00000,0x0000002a9cc00000)]
  0x000001ab2faf6e10 JavaThread "Notification Thread" daemon [_thread_blocked, id=11796, stack(0x0000002a9cc00000,0x0000002a9cd00000)]
  0x000001ab35dd1ea0 JavaThread "Daemon health stats" [_thread_blocked, id=2720, stack(0x0000002a9d200000,0x0000002a9d300000)]
  0x000001ab36338a80 JavaThread "Incoming local TCP Connector on port 52537" [_thread_in_native, id=11336, stack(0x0000002a9ce00000,0x0000002a9cf00000)]
  0x000001ab35f41fe0 JavaThread "Daemon periodic checks" [_thread_blocked, id=1432, stack(0x0000002a9d400000,0x0000002a9d500000)]
  0x000001ab35f26fe0 JavaThread "Daemon" [_thread_blocked, id=12044, stack(0x0000002a9d500000,0x0000002a9d600000)]
  0x000001ab35345d70 JavaThread "Handler for socket connection from /127.0.0.1:52537 to /127.0.0.1:52538" [_thread_in_native, id=4216, stack(0x0000002a9d600000,0x0000002a9d700000)]
  0x000001ab35346250 JavaThread "Cancel handler" [_thread_blocked, id=11368, stack(0x0000002a9d700000,0x0000002a9d800000)]
  0x000001ab36797100 JavaThread "Daemon worker" [_thread_blocked, id=2736, stack(0x0000002a9d800000,0x0000002a9d900000)]
  0x000001ab36975370 JavaThread "Asynchronous log dispatcher for DefaultDaemonConnection: socket connection from /127.0.0.1:52537 to /127.0.0.1:52538" [_thread_blocked, id=12568, stack(0x0000002a9d900000,0x0000002a9da00000)]
  0x000001ab36973a20 JavaThread "Stdin handler" [_thread_blocked, id=10996, stack(0x0000002a9da00000,0x0000002a9db00000)]
  0x000001ab36974e60 JavaThread "Daemon client event forwarder" [_thread_blocked, id=6752, stack(0x0000002a9db00000,0x0000002a9dc00000)]
  0x000001ab36974950 JavaThread "Cache worker for journal cache (C:\Users\hp 1040\.gradle\caches\journal-1)" [_thread_blocked, id=7620, stack(0x0000002a9dc00000,0x0000002a9dd00000)]
  0x000001ab35f34040 JavaThread "File lock request listener" [_thread_in_native, id=724, stack(0x0000002a9dd00000,0x0000002a9de00000)]
  0x000001ab35f34f70 JavaThread "Cache worker for file hash cache (C:\Users\hp 1040\.gradle\caches\8.7\fileHashes)" [_thread_blocked, id=6208, stack(0x0000002a9de00000,0x0000002a9df00000)]
  0x000001ab35f34a60 JavaThread "Cache worker for file hash cache (D:\AndroidStudioProjects\GWWeighScale 2\.gradle\8.7\fileHashes)" [_thread_blocked, id=2796, stack(0x0000002a9df00000,0x0000002a9e000000)]
  0x000001ab35f321e0 JavaThread "File watcher server" daemon [_thread_blocked, id=10288, stack(0x0000002a9e000000,0x0000002a9e100000)]
  0x000001ab35f2f960 JavaThread "File watcher consumer" daemon [_thread_blocked, id=8776, stack(0x0000002a9e100000,0x0000002a9e200000)]
  0x000001ab35f317c0 JavaThread "Cache worker for checksums cache (D:\AndroidStudioProjects\GWWeighScale 2\.gradle\8.7\checksums)" [_thread_blocked, id=9160, stack(0x0000002a9e200000,0x0000002a9e300000)]
  0x000001ab35f30da0 JavaThread "Cache worker for cache directory md-supplier (C:\Users\hp 1040\.gradle\caches\8.7\md-supplier)" [_thread_blocked, id=11940, stack(0x0000002a9d300000,0x0000002a9d400000)]
  0x000001ab35f36dd0 JavaThread "Cache worker for cache directory md-rule (C:\Users\hp 1040\.gradle\caches\8.7\md-rule)" [_thread_blocked, id=2644, stack(0x0000002a9e300000,0x0000002a9e400000)]
  0x000001ab35f35480 JavaThread "Cache worker for file content cache (C:\Users\hp 1040\.gradle\caches\8.7\fileContent)" [_thread_blocked, id=12448, stack(0x0000002a9e500000,0x0000002a9e600000)]
  0x000001ab35f326f0 JavaThread "jar transforms" [_thread_blocked, id=7204, stack(0x0000002a9e700000,0x0000002a9e800000)]
  0x000001ab35f35990 JavaThread "jar transforms Thread 2" [_thread_blocked, id=11432, stack(0x0000002a9e800000,0x0000002a9e900000)]
  0x000001ab35f30380 JavaThread "jar transforms Thread 3" [_thread_blocked, id=11152, stack(0x0000002a9e900000,0x0000002a9ea00000)]
  0x000001ab35f2fe70 JavaThread "jar transforms Thread 4" [_thread_blocked, id=12200, stack(0x0000002a9ea00000,0x0000002a9eb00000)]
  0x000001ab35f30890 JavaThread "Cache worker for Build Output Cleanup Cache (D:\AndroidStudioProjects\GWWeighScale 2\.gradle\buildOutputCleanup)" [_thread_blocked, id=11900, stack(0x0000002a9eb00000,0x0000002a9ec00000)]
  0x000001ab35f33b30 JavaThread "Unconstrained build operations" [_thread_blocked, id=12684, stack(0x0000002a9ec00000,0x0000002a9ed00000)]
  0x000001ab36fa7060 JavaThread "Unconstrained build operations Thread 2" [_thread_blocked, id=4716, stack(0x0000002a9ed00000,0x0000002a9ee00000)]
  0x000001ab36faa810 JavaThread "Unconstrained build operations Thread 3" [_thread_blocked, id=13076, stack(0x0000002a9ee00000,0x0000002a9ef00000)]
  0x000001ab36fab740 JavaThread "Unconstrained build operations Thread 4" [_thread_blocked, id=6648, stack(0x0000002a9ef00000,0x0000002a9f000000)]
  0x000001ab36fac160 JavaThread "Unconstrained build operations Thread 5" [_thread_blocked, id=10880, stack(0x0000002a9f000000,0x0000002a9f100000)]
  0x000001ab36fa7a80 JavaThread "Unconstrained build operations Thread 6" [_thread_blocked, id=3800, stack(0x0000002a9f100000,0x0000002a9f200000)]
  0x000001ab37304bb0 JavaThread "C2 CompilerThread1" daemon [_thread_blocked, id=8960, stack(0x0000002a9e400000,0x0000002a9e500000)]
  0x000001ab36fad090 JavaThread "build event listener" [_thread_blocked, id=9380, stack(0x0000002a9f200000,0x0000002a9f300000)]
  0x000001ab36fa7f90 JavaThread "Memory manager" [_thread_blocked, id=2460, stack(0x0000002a9f300000,0x0000002a9f400000)]

Other Threads:
=>0x000001ab2f7358c0 VMThread "VM Thread" [stack: 0x0000002a9c100000,0x0000002a9c200000] [id=10836]
  0x000001ab1614fce0 WatcherThread [stack: 0x0000002a9cd00000,0x0000002a9ce00000] [id=12924]
  0x000001ab161ab140 GCTaskThread "GC Thread#0" [stack: 0x0000002a9bc00000,0x0000002a9bd00000] [id=8836]
  0x000001ab34273530 GCTaskThread "GC Thread#1" [stack: 0x0000002a9cf00000,0x0000002a9d000000] [id=1700]
  0x000001ab342737f0 GCTaskThread "GC Thread#2" [stack: 0x0000002a9d000000,0x0000002a9d100000] [id=11388]
  0x000001ab3488baf0 GCTaskThread "GC Thread#3" [stack: 0x0000002a9d100000,0x0000002a9d200000] [id=3056]
  0x000001ab161bbfa0 ConcurrentGCThread "G1 Main Marker" [stack: 0x0000002a9bd00000,0x0000002a9be00000] [id=7632]
  0x000001ab161bd070 ConcurrentGCThread "G1 Conc#0" [stack: 0x0000002a9be00000,0x0000002a9bf00000] [id=10872]
  0x000001ab16203cf0 ConcurrentGCThread "G1 Refine#0" [stack: 0x0000002a9bf00000,0x0000002a9c000000] [id=256]
  0x000001ab36f778b0 ConcurrentGCThread "G1 Refine#1" [stack: 0x0000002a9e600000,0x0000002a9e700000] [id=8204]
  0x000001ab16204630 ConcurrentGCThread "G1 Service" [stack: 0x0000002a9c000000,0x0000002a9c100000] [id=6124]

Threads with active compile tasks:
C2 CompilerThread0    14455 7773 %     4       java.math.BigInteger::implSquareToLen @ 9 (154 bytes)
C1 CompilerThread0    14455 7787 %     3       java.util.jar.Manifest::read @ 48 (415 bytes)
C2 CompilerThread1    14455 7692   !   4       java.util.jar.Attributes::read (494 bytes)

VM state: at safepoint (normal execution)

VM Mutex/Monitor currently owned by a thread:  ([mutex/lock_event])
[0x000001ab1614b090] Threads_lock - owner thread: 0x000001ab2f7358c0
[0x000001ab1614aaf0] Heap_lock - owner thread: 0x000001ab36797100

Heap address: 0x0000000080000000, size: 2048 MB, Compressed Oops mode: 32-bit

CDS archive(s) not mapped
Compressed class space mapped at: 0x0000000100000000-0x0000000140000000, reserved size: 1073741824
Narrow klass base: 0x0000000000000000, Narrow klass shift: 3, Narrow klass range: 0x140000000

GC Precious Log:
 CPUs: 4 total, 4 available
 Memory: 8089M
 Large Page Support: Disabled
 NUMA Support: Disabled
 Compressed Oops: Enabled (32-bit)
 Heap Region Size: 1M
 Heap Min Capacity: 8M
 Heap Initial Capacity: 128M
 Heap Max Capacity: 2G
 Pre-touch: Disabled
 Parallel Workers: 4
 Concurrent Workers: 1
 Concurrent Refinement Workers: 4
 Periodic GC: Disabled

Heap:
 garbage-first heap   total 134144K, used 76342K [0x0000000080000000, 0x0000000100000000)
  region size 1024K, 1 young (1024K), 1 survivors (1024K)
 Metaspace       used 69447K, committed 70144K, reserved 1114112K
  class space    used 9343K, committed 9664K, reserved 1048576K

Heap Regions: E=young(eden), S=young(survivor), O=old, HS=humongous(starts), HC=humongous(continues), CS=collection set, F=free, OA=open archive, CA=closed archive, TAMS=top-at-mark-start (previous, next)
|   0|0x0000000080000000, 0x0000000080100000, 0x0000000080100000|100%| O|  |TAMS 0x0000000080100000, 0x0000000080000000| Untracked 
|   1|0x0000000080100000, 0x0000000080200000, 0x0000000080200000|100%|HS|  |TAMS 0x0000000080200000, 0x0000000080100000| Complete 
|   2|0x0000000080200000, 0x0000000080300000, 0x0000000080300000|100%|HC|  |TAMS 0x0000000080300000, 0x0000000080200000| Complete 
|   3|0x0000000080300000, 0x0000000080400000, 0x0000000080400000|100%|HC|  |TAMS 0x0000000080400000, 0x0000000080300000| Complete 
|   4|0x0000000080400000, 0x0000000080500000, 0x0000000080500000|100%|HC|  |TAMS 0x0000000080500000, 0x0000000080400000| Complete 
|   5|0x0000000080500000, 0x0000000080600000, 0x0000000080600000|100%| O|  |TAMS 0x0000000080600000, 0x0000000080500000| Untracked 
|   6|0x0000000080600000, 0x0000000080700000, 0x0000000080700000|100%| O|  |TAMS 0x0000000080700000, 0x0000000080600000| Untracked 
|   7|0x0000000080700000, 0x0000000080800000, 0x0000000080800000|100%| O|  |TAMS 0x0000000080800000, 0x0000000080700000| Untracked 
|   8|0x0000000080800000, 0x0000000080900000, 0x0000000080900000|100%| O|  |TAMS 0x0000000080900000, 0x0000000080800000| Untracked 
|   9|0x0000000080900000, 0x0000000080a00000, 0x0000000080a00000|100%| O|  |TAMS 0x0000000080a00000, 0x0000000080900000| Untracked 
|  10|0x0000000080a00000, 0x0000000080acd000, 0x0000000080b00000| 80%| O|  |TAMS 0x0000000080acd000, 0x0000000080a00000| Untracked 
|  11|0x0000000080b00000, 0x0000000080c00000, 0x0000000080c00000|100%| O|  |TAMS 0x0000000080c00000, 0x0000000080b00000| Untracked 
|  12|0x0000000080c00000, 0x0000000080d00000, 0x0000000080d00000|100%| O|  |TAMS 0x0000000080d00000, 0x0000000080c00000| Untracked 
|  13|0x0000000080d00000, 0x0000000080e00000, 0x0000000080e00000|100%| O|  |TAMS 0x0000000080e00000, 0x0000000080d00000| Untracked 
|  14|0x0000000080e00000, 0x0000000080f00000, 0x0000000080f00000|100%| O|  |TAMS 0x0000000080f00000, 0x0000000080e00000| Untracked 
|  15|0x0000000080f00000, 0x0000000081000000, 0x0000000081000000|100%| O|  |TAMS 0x0000000081000000, 0x0000000080f00000| Untracked 
|  16|0x0000000081000000, 0x0000000081100000, 0x0000000081100000|100%| O|  |TAMS 0x0000000081100000, 0x0000000081000000| Untracked 
|  17|0x0000000081100000, 0x0000000081200000, 0x0000000081200000|100%| O|  |TAMS 0x0000000081200000, 0x0000000081100000| Untracked 
|  18|0x0000000081200000, 0x0000000081300000, 0x0000000081300000|100%| O|  |TAMS 0x0000000081300000, 0x0000000081200000| Untracked 
|  19|0x0000000081300000, 0x0000000081400000, 0x0000000081400000|100%| O|  |TAMS 0x0000000081400000, 0x0000000081300000| Untracked 
|  20|0x0000000081400000, 0x0000000081500000, 0x0000000081500000|100%| O|  |TAMS 0x0000000081500000, 0x0000000081400000| Untracked 
|  21|0x0000000081500000, 0x0000000081600000, 0x0000000081600000|100%| O|  |TAMS 0x0000000081600000, 0x0000000081500000| Untracked 
|  22|0x0000000081600000, 0x0000000081700000, 0x0000000081700000|100%| O|  |TAMS 0x0000000081700000, 0x0000000081600000| Untracked 
|  23|0x0000000081700000, 0x0000000081800000, 0x0000000081800000|100%| O|  |TAMS 0x00000000817d4000, 0x0000000081700000| Untracked 
|  24|0x0000000081800000, 0x0000000081900000, 0x0000000081900000|100%| O|  |TAMS 0x0000000081900000, 0x0000000081800000| Untracked 
|  25|0x0000000081900000, 0x0000000081a00000, 0x0000000081a00000|100%| O|  |TAMS 0x0000000081a00000, 0x0000000081900000| Untracked 
|  26|0x0000000081a00000, 0x0000000081b00000, 0x0000000081b00000|100%| O|  |TAMS 0x0000000081b00000, 0x0000000081a00000| Untracked 
|  27|0x0000000081b00000, 0x0000000081c00000, 0x0000000081c00000|100%| O|  |TAMS 0x0000000081c00000, 0x0000000081b00000| Untracked 
|  28|0x0000000081c00000, 0x0000000081d00000, 0x0000000081d00000|100%| O|  |TAMS 0x0000000081d00000, 0x0000000081c00000| Untracked 
|  29|0x0000000081d00000, 0x0000000081e00000, 0x0000000081e00000|100%| O|  |TAMS 0x0000000081e00000, 0x0000000081d00000| Untracked 
|  30|0x0000000081e00000, 0x0000000081f00000, 0x0000000081f00000|100%| O|  |TAMS 0x0000000081f00000, 0x0000000081e00000| Untracked 
|  31|0x0000000081f00000, 0x0000000081f00000, 0x0000000082000000|  0%| F|  |TAMS 0x0000000081f00000, 0x0000000081f00000| Untracked 
|  32|0x0000000082000000, 0x0000000082100000, 0x0000000082100000|100%| O|  |TAMS 0x0000000082100000, 0x0000000082000000| Untracked 
|  33|0x0000000082100000, 0x0000000082200000, 0x0000000082200000|100%| O|  |TAMS 0x0000000082200000, 0x0000000082100000| Untracked 
|  34|0x0000000082200000, 0x0000000082300000, 0x0000000082300000|100%| O|  |TAMS 0x0000000082300000, 0x0000000082200000| Untracked 
|  35|0x0000000082300000, 0x0000000082400000, 0x0000000082400000|100%| O|  |TAMS 0x0000000082400000, 0x0000000082300000| Untracked 
|  36|0x0000000082400000, 0x0000000082500000, 0x0000000082500000|100%| O|  |TAMS 0x0000000082500000, 0x0000000082400000| Untracked 
|  37|0x0000000082500000, 0x0000000082600000, 0x0000000082600000|100%|HS|  |TAMS 0x0000000082500000, 0x0000000082500000| Complete 
|  38|0x0000000082600000, 0x0000000082700000, 0x0000000082700000|100%| O|  |TAMS 0x0000000082700000, 0x0000000082600000| Untracked 
|  39|0x0000000082700000, 0x0000000082800000, 0x0000000082800000|100%| O|  |TAMS 0x0000000082800000, 0x0000000082700000| Untracked 
|  40|0x0000000082800000, 0x0000000082900000, 0x0000000082900000|100%| O|  |TAMS 0x0000000082900000, 0x0000000082800000| Untracked 
|  41|0x0000000082900000, 0x0000000082a00000, 0x0000000082a00000|100%| O|  |TAMS 0x0000000082a00000, 0x0000000082900000| Untracked 
|  42|0x0000000082a00000, 0x0000000082b00000, 0x0000000082b00000|100%| O|  |TAMS 0x0000000082b00000, 0x0000000082a00000| Untracked 
|  43|0x0000000082b00000, 0x0000000082c00000, 0x0000000082c00000|100%|HS|  |TAMS 0x0000000082c00000, 0x0000000082b00000| Complete 
|  44|0x0000000082c00000, 0x0000000082d00000, 0x0000000082d00000|100%|HS|  |TAMS 0x0000000082d00000, 0x0000000082c00000| Complete 
|  45|0x0000000082d00000, 0x0000000082e00000, 0x0000000082e00000|100%|HS|  |TAMS 0x0000000082e00000, 0x0000000082d00000| Complete 
|  46|0x0000000082e00000, 0x0000000082f00000, 0x0000000082f00000|100%|HC|  |TAMS 0x0000000082f00000, 0x0000000082e00000| Complete 
|  47|0x0000000082f00000, 0x0000000083000000, 0x0000000083000000|100%|HS|  |TAMS 0x0000000083000000, 0x0000000082f00000| Complete 
|  48|0x0000000083000000, 0x0000000083100000, 0x0000000083100000|100%|HC|  |TAMS 0x0000000083100000, 0x0000000083000000| Complete 
|  49|0x0000000083100000, 0x0000000083200000, 0x0000000083200000|100%|HS|  |TAMS 0x0000000083200000, 0x0000000083100000| Complete 
|  50|0x0000000083200000, 0x0000000083300000, 0x0000000083300000|100%|HS|  |TAMS 0x0000000083300000, 0x0000000083200000| Complete 
|  51|0x0000000083300000, 0x0000000083400000, 0x0000000083400000|100%|HC|  |TAMS 0x0000000083400000, 0x0000000083300000| Complete 
|  52|0x0000000083400000, 0x0000000083500000, 0x0000000083500000|100%|HC|  |TAMS 0x0000000083500000, 0x0000000083400000| Complete 
|  53|0x0000000083500000, 0x0000000083600000, 0x0000000083600000|100%|HC|  |TAMS 0x0000000083600000, 0x0000000083500000| Complete 
|  54|0x0000000083600000, 0x0000000083700000, 0x0000000083700000|100%| O|  |TAMS 0x0000000083700000, 0x0000000083600000| Untracked 
|  55|0x0000000083700000, 0x0000000083800000, 0x0000000083800000|100%|HS|  |TAMS 0x0000000083800000, 0x0000000083700000| Complete 
|  56|0x0000000083800000, 0x0000000083900000, 0x0000000083900000|100%| O|  |TAMS 0x0000000083900000, 0x0000000083800000| Untracked 
|  57|0x0000000083900000, 0x0000000083a00000, 0x0000000083a00000|100%| O|  |TAMS 0x0000000083a00000, 0x0000000083900000| Untracked 
|  58|0x0000000083a00000, 0x0000000083b00000, 0x0000000083b00000|100%| O|  |TAMS 0x0000000083b00000, 0x0000000083a00000| Untracked 
|  59|0x0000000083b00000, 0x0000000083c00000, 0x0000000083c00000|100%| O|  |TAMS 0x0000000083c00000, 0x0000000083b00000| Untracked 
|  60|0x0000000083c00000, 0x0000000083d00000, 0x0000000083d00000|100%| O|  |TAMS 0x0000000083d00000, 0x0000000083c00000| Untracked 
|  61|0x0000000083d00000, 0x0000000083e00000, 0x0000000083e00000|100%| O|  |TAMS 0x0000000083e00000, 0x0000000083d00000| Untracked 
|  62|0x0000000083e00000, 0x0000000083e00000, 0x0000000083f00000|  0%| F|  |TAMS 0x0000000083e00000, 0x0000000083e00000| Untracked 
|  63|0x0000000083f00000, 0x0000000084000000, 0x0000000084000000|100%|HS|  |TAMS 0x0000000083f00000, 0x0000000083f00000| Complete 
|  64|0x0000000084000000, 0x0000000084100000, 0x0000000084100000|100%|HS|  |TAMS 0x0000000084000000, 0x0000000084000000| Complete 
|  65|0x0000000084100000, 0x0000000084200000, 0x0000000084200000|100%| O|  |TAMS 0x0000000084200000, 0x0000000084100000| Untracked 
|  66|0x0000000084200000, 0x0000000084300000, 0x0000000084300000|100%| O|  |TAMS 0x0000000084200000, 0x0000000084200000| Untracked 
|  67|0x0000000084300000, 0x0000000084400000, 0x0000000084400000|100%|HS|  |TAMS 0x0000000084300000, 0x0000000084300000| Complete 
|  68|0x0000000084400000, 0x0000000084500000, 0x0000000084500000|100%| O|  |TAMS 0x0000000084400000, 0x0000000084400000| Untracked 
|  69|0x0000000084500000, 0x0000000084600000, 0x0000000084600000|100%| O|  |TAMS 0x0000000084500000, 0x0000000084500000| Untracked 
|  70|0x0000000084600000, 0x0000000084700000, 0x0000000084700000|100%| O|  |TAMS 0x0000000084600000, 0x0000000084600000| Untracked 
|  71|0x0000000084700000, 0x0000000084800000, 0x0000000084800000|100%| O|  |TAMS 0x0000000084700000, 0x0000000084700000| Untracked 
|  72|0x0000000084800000, 0x00000000848c0800, 0x0000000084900000| 75%| O|  |TAMS 0x0000000084800000, 0x0000000084800000| Untracked 
|  73|0x0000000084900000, 0x0000000084900000, 0x0000000084a00000|  0%| F|  |TAMS 0x0000000084900000, 0x0000000084900000| Untracked 
|  74|0x0000000084a00000, 0x0000000084a00000, 0x0000000084b00000|  0%| F|  |TAMS 0x0000000084a00000, 0x0000000084a00000| Untracked 
|  75|0x0000000084b00000, 0x0000000084b00000, 0x0000000084c00000|  0%| F|  |TAMS 0x0000000084b00000, 0x0000000084b00000| Untracked 
|  76|0x0000000084c00000, 0x0000000084c00000, 0x0000000084d00000|  0%| F|  |TAMS 0x0000000084c00000, 0x0000000084c00000| Untracked 
|  77|0x0000000084d00000, 0x0000000084d00000, 0x0000000084e00000|  0%| F|  |TAMS 0x0000000084d00000, 0x0000000084d00000| Untracked 
|  78|0x0000000084e00000, 0x0000000084e00000, 0x0000000084f00000|  0%| F|  |TAMS 0x0000000084e00000, 0x0000000084e00000| Untracked 
|  79|0x0000000084f00000, 0x0000000084f00000, 0x0000000085000000|  0%| F|  |TAMS 0x0000000084f00000, 0x0000000084f00000| Untracked 
|  80|0x0000000085000000, 0x0000000085000000, 0x0000000085100000|  0%| F|  |TAMS 0x0000000085000000, 0x0000000085000000| Untracked 
|  81|0x0000000085100000, 0x0000000085100000, 0x0000000085200000|  0%| F|  |TAMS 0x0000000085100000, 0x0000000085100000| Untracked 
|  82|0x0000000085200000, 0x0000000085200000, 0x0000000085300000|  0%| F|  |TAMS 0x0000000085200000, 0x0000000085200000| Untracked 
|  83|0x0000000085300000, 0x0000000085300000, 0x0000000085400000|  0%| F|  |TAMS 0x0000000085300000, 0x0000000085300000| Untracked 
|  84|0x0000000085400000, 0x0000000085400000, 0x0000000085500000|  0%| F|  |TAMS 0x0000000085400000, 0x0000000085400000| Untracked 
|  85|0x0000000085500000, 0x0000000085500000, 0x0000000085600000|  0%| F|  |TAMS 0x0000000085500000, 0x0000000085500000| Untracked 
|  86|0x0000000085600000, 0x0000000085600000, 0x0000000085700000|  0%| F|  |TAMS 0x0000000085600000, 0x0000000085600000| Untracked 
|  87|0x0000000085700000, 0x0000000085700000, 0x0000000085800000|  0%| F|  |TAMS 0x0000000085700000, 0x0000000085700000| Untracked 
|  88|0x0000000085800000, 0x0000000085800000, 0x0000000085900000|  0%| F|  |TAMS 0x0000000085800000, 0x0000000085800000| Untracked 
|  89|0x0000000085900000, 0x0000000085900000, 0x0000000085a00000|  0%| F|  |TAMS 0x0000000085900000, 0x0000000085900000| Untracked 
|  90|0x0000000085a00000, 0x0000000085a00000, 0x0000000085b00000|  0%| F|  |TAMS 0x0000000085a00000, 0x0000000085a00000| Untracked 
|  91|0x0000000085b00000, 0x0000000085b00000, 0x0000000085c00000|  0%| F|  |TAMS 0x0000000085b00000, 0x0000000085b00000| Untracked 
|  92|0x0000000085c00000, 0x0000000085c00000, 0x0000000085d00000|  0%| F|  |TAMS 0x0000000085c00000, 0x0000000085c00000| Untracked 
|  93|0x0000000085d00000, 0x0000000085d00000, 0x0000000085e00000|  0%| F|  |TAMS 0x0000000085d00000, 0x0000000085d00000| Untracked 
|  94|0x0000000085e00000, 0x0000000085e00000, 0x0000000085f00000|  0%| F|  |TAMS 0x0000000085e00000, 0x0000000085e00000| Untracked 
|  95|0x0000000085f00000, 0x0000000085f00000, 0x0000000086000000|  0%| F|  |TAMS 0x0000000085f00000, 0x0000000085f00000| Untracked 
|  96|0x0000000086000000, 0x0000000086000000, 0x0000000086100000|  0%| F|  |TAMS 0x0000000086000000, 0x0000000086000000| Untracked 
|  97|0x0000000086100000, 0x0000000086100000, 0x0000000086200000|  0%| F|  |TAMS 0x0000000086100000, 0x0000000086100000| Untracked 
|  98|0x0000000086200000, 0x0000000086200000, 0x0000000086300000|  0%| F|  |TAMS 0x0000000086200000, 0x0000000086200000| Untracked 
|  99|0x0000000086300000, 0x0000000086300000, 0x0000000086400000|  0%| F|  |TAMS 0x0000000086300000, 0x0000000086300000| Untracked 
| 100|0x0000000086400000, 0x0000000086400000, 0x0000000086500000|  0%| F|  |TAMS 0x0000000086400000, 0x0000000086400000| Untracked 
| 101|0x0000000086500000, 0x0000000086500000, 0x0000000086600000|  0%| F|  |TAMS 0x0000000086500000, 0x0000000086500000| Untracked 
| 102|0x0000000086600000, 0x0000000086600000, 0x0000000086700000|  0%| F|  |TAMS 0x0000000086600000, 0x0000000086600000| Untracked 
| 103|0x0000000086700000, 0x0000000086700000, 0x0000000086800000|  0%| F|  |TAMS 0x0000000086700000, 0x0000000086700000| Untracked 
| 104|0x0000000086800000, 0x0000000086800000, 0x0000000086900000|  0%| F|  |TAMS 0x0000000086800000, 0x0000000086800000| Untracked 
| 105|0x0000000086900000, 0x0000000086900000, 0x0000000086a00000|  0%| F|  |TAMS 0x0000000086900000, 0x0000000086900000| Untracked 
| 106|0x0000000086a00000, 0x0000000086a00000, 0x0000000086b00000|  0%| F|  |TAMS 0x0000000086a00000, 0x0000000086a00000| Untracked 
| 107|0x0000000086b00000, 0x0000000086b00000, 0x0000000086c00000|  0%| F|  |TAMS 0x0000000086b00000, 0x0000000086b00000| Untracked 
| 108|0x0000000086c00000, 0x0000000086c00000, 0x0000000086d00000|  0%| F|  |TAMS 0x0000000086c00000, 0x0000000086c00000| Untracked 
| 109|0x0000000086d00000, 0x0000000086d00000, 0x0000000086e00000|  0%| F|  |TAMS 0x0000000086d00000, 0x0000000086d00000| Untracked 
| 110|0x0000000086e00000, 0x0000000086e00000, 0x0000000086f00000|  0%| F|  |TAMS 0x0000000086e00000, 0x0000000086e00000| Untracked 
| 111|0x0000000086f00000, 0x0000000086f00000, 0x0000000087000000|  0%| F|  |TAMS 0x0000000086f00000, 0x0000000086f00000| Untracked 
| 112|0x0000000087000000, 0x0000000087000000, 0x0000000087100000|  0%| F|  |TAMS 0x0000000087000000, 0x0000000087000000| Untracked 
| 113|0x0000000087100000, 0x0000000087100000, 0x0000000087200000|  0%| F|  |TAMS 0x0000000087100000, 0x0000000087100000| Untracked 
| 114|0x0000000087200000, 0x0000000087200000, 0x0000000087300000|  0%| F|  |TAMS 0x0000000087200000, 0x0000000087200000| Untracked 
| 115|0x0000000087300000, 0x0000000087300000, 0x0000000087400000|  0%| F|  |TAMS 0x0000000087300000, 0x0000000087300000| Untracked 
| 116|0x0000000087400000, 0x0000000087400000, 0x0000000087500000|  0%| F|  |TAMS 0x0000000087400000, 0x0000000087400000| Untracked 
| 117|0x0000000087500000, 0x0000000087500000, 0x0000000087600000|  0%| F|  |TAMS 0x0000000087500000, 0x0000000087500000| Untracked 
| 118|0x0000000087600000, 0x0000000087600000, 0x0000000087700000|  0%| F|  |TAMS 0x0000000087600000, 0x0000000087600000| Untracked 
| 119|0x0000000087700000, 0x0000000087700000, 0x0000000087800000|  0%| F|  |TAMS 0x0000000087700000, 0x0000000087700000| Untracked 
| 120|0x0000000087800000, 0x0000000087800000, 0x0000000087900000|  0%| F|  |TAMS 0x0000000087800000, 0x0000000087800000| Untracked 
| 121|0x0000000087900000, 0x0000000087900000, 0x0000000087a00000|  0%| F|  |TAMS 0x0000000087900000, 0x0000000087900000| Untracked 
| 122|0x0000000087a00000, 0x0000000087a00000, 0x0000000087b00000|  0%| F|  |TAMS 0x0000000087a00000, 0x0000000087a00000| Untracked 
| 123|0x0000000087b00000, 0x0000000087b00000, 0x0000000087c00000|  0%| F|  |TAMS 0x0000000087b00000, 0x0000000087b00000| Untracked 
| 124|0x0000000087c00000, 0x0000000087c00000, 0x0000000087d00000|  0%| F|  |TAMS 0x0000000087c00000, 0x0000000087c00000| Untracked 
| 125|0x0000000087d00000, 0x0000000087d00000, 0x0000000087e00000|  0%| F|  |TAMS 0x0000000087d00000, 0x0000000087d00000| Untracked 
| 126|0x0000000087e00000, 0x0000000087f00000, 0x0000000087f00000|100%| S|CS|TAMS 0x0000000087e00000, 0x0000000087e00000| Complete 
| 127|0x0000000087f00000, 0x0000000087f00000, 0x0000000088000000|  0%| F|  |TAMS 0x0000000087f00000, 0x0000000087f00000| Untracked 
|2045|0x00000000ffd00000, 0x00000000ffe00000, 0x00000000ffe00000|100%| O|  |TAMS 0x00000000ffe00000, 0x00000000ffd00000| Untracked 
|2046|0x00000000ffe00000, 0x00000000fff00000, 0x00000000fff00000|100%| O|  |TAMS 0x00000000fff00000, 0x00000000ffe00000| Untracked 
|2047|0x00000000fff00000, 0x0000000100000000, 0x0000000100000000|100%| O|  |TAMS 0x0000000100000000, 0x00000000fff00000| Untracked 

Card table byte_map: [0x000001ab28a30000,0x000001ab28e30000] _byte_map_base: 0x000001ab28630000

Marking Bits (Prev, Next): (CMBitMap*) 0x000001ab161ab6b0, (CMBitMap*) 0x000001ab161ab670
 Prev Bits: [0x000001ab2b230000, 0x000001ab2d230000)
 Next Bits: [0x000001ab29230000, 0x000001ab2b230000)

Polling page: 0x000001ab14090000

Metaspace:

Usage:
  Non-class:     58.70 MB used.
      Class:      9.12 MB used.
       Both:     67.82 MB used.

Virtual space:
  Non-class space:       64.00 MB reserved,      59.06 MB ( 92%) committed,  1 nodes.
      Class space:        1.00 GB reserved,       9.44 MB ( <1%) committed,  1 nodes.
             Both:        1.06 GB reserved,      68.50 MB (  6%) committed. 

Chunk freelists:
   Non-Class:  5.00 MB
       Class:  6.53 MB
        Both:  11.53 MB

MaxMetaspaceSize: unlimited
CompressedClassSpaceSize: 1.00 GB
Initial GC threshold: 21.00 MB
Current GC threshold: 109.62 MB
CDS: off
MetaspaceReclaimPolicy: balanced
 - commit_granule_bytes: 65536.
 - commit_granule_words: 8192.
 - virtual_space_node_default_size: 8388608.
 - enlarge_chunks_in_place: 1.
 - new_chunks_are_fully_committed: 0.
 - uncommit_free_chunks: 1.
 - use_allocation_guard: 0.
 - handle_deallocations: 1.


Internal statistics:

num_allocs_failed_limit: 6.
num_arena_births: 776.
num_arena_deaths: 0.
num_vsnodes_births: 2.
num_vsnodes_deaths: 0.
num_space_committed: 1096.
num_space_uncommitted: 0.
num_chunks_returned_to_freelist: 6.
num_chunks_taken_from_freelist: 3157.
num_chunk_merges: 6.
num_chunk_splits: 2101.
num_chunks_enlarged: 1424.
num_inconsistent_stats: 0.

CodeHeap 'non-profiled nmethods': size=120000Kb used=3734Kb max_used=3734Kb free=116265Kb
 bounds [0x000001ab21100000, 0x000001ab214b0000, 0x000001ab28630000]
CodeHeap 'profiled nmethods': size=120000Kb used=13366Kb max_used=13366Kb free=106633Kb
 bounds [0x000001ab19630000, 0x000001ab1a340000, 0x000001ab20b60000]
CodeHeap 'non-nmethods': size=5760Kb used=2349Kb max_used=2399Kb free=3410Kb
 bounds [0x000001ab20b60000, 0x000001ab20dd0000, 0x000001ab21100000]
 total_blobs=7884 nmethods=7010 adapters=786
 compilation: enabled
              stopped_count=0, restarted_count=0
 full_count=0

Compilation events (20 events):
Event: 14.369 Thread 0x000001ab2f75b7a0 nmethod 7766 0x000001ab214a5490 code [0x000001ab214a5620, 0x000001ab214a5878]
Event: 14.369 Thread 0x000001ab2f75b7a0 7773 %     4       java.math.BigInteger::implSquareToLen @ 9 (154 bytes)
Event: 14.369 Thread 0x000001ab2f75e0c0 nmethod 7772 0x000001ab1a339090 code [0x000001ab1a339260, 0x000001ab1a339638]
Event: 14.369 Thread 0x000001ab2f75e0c0 7774       3       sun.security.util.DerValue::getOID (76 bytes)
Event: 14.370 Thread 0x000001ab2f75e0c0 nmethod 7774 0x000001ab1a339810 code [0x000001ab1a339a60, 0x000001ab1a33a1b8]
Event: 14.370 Thread 0x000001ab2f75e0c0 7775       3       sun.security.util.ObjectIdentifier::<init> (39 bytes)
Event: 14.370 Thread 0x000001ab2f75e0c0 nmethod 7775 0x000001ab1a33a490 code [0x000001ab1a33a640, 0x000001ab1a33a8f8]
Event: 14.394 Thread 0x000001ab2f75e0c0 7779       3       java.math.MutableBigInteger::add (346 bytes)
Event: 14.395 Thread 0x000001ab2f75e0c0 nmethod 7779 0x000001ab1a33aa10 code [0x000001ab1a33ac20, 0x000001ab1a33b648]
Event: 14.398 Thread 0x000001ab2f75e0c0 7781       3       java.math.BigInteger::multiplyToLen (20 bytes)
Event: 14.398 Thread 0x000001ab2f75e0c0 nmethod 7781 0x000001ab1a33ba10 code [0x000001ab1a33bc40, 0x000001ab1a33c388]
Event: 14.398 Thread 0x000001ab2f75e0c0 7782       3       java.math.BigInteger::montgomeryMultiply (54 bytes)
Event: 14.399 Thread 0x000001ab2f75e0c0 nmethod 7782 0x000001ab1a33c710 code [0x000001ab1a33c900, 0x000001ab1a33cd18]
Event: 14.399 Thread 0x000001ab2f75e0c0 7783       3       java.math.BigInteger::implMontgomeryMultiply (22 bytes)
Event: 14.399 Thread 0x000001ab2f75e0c0 nmethod 7783 0x000001ab1a33cf10 code [0x000001ab1a33d0c0, 0x000001ab1a33d238]
Event: 14.399 Thread 0x000001ab2f75e0c0 7784       3       java.util.Collections$UnmodifiableList::get (11 bytes)
Event: 14.399 Thread 0x000001ab2f75e0c0 nmethod 7784 0x000001ab1a33d310 code [0x000001ab1a33d4c0, 0x000001ab1a33d688]
Event: 14.399 Thread 0x000001ab2f75e0c0 7785       3       sun.security.util.ObjectIdentifier::hashCode (8 bytes)
Event: 14.399 Thread 0x000001ab2f75e0c0 nmethod 7785 0x000001ab1a33d790 code [0x000001ab1a33d920, 0x000001ab1a33da68]
Event: 14.415 Thread 0x000001ab2f75e0c0 7787 %     3       java.util.jar.Manifest::read @ 48 (415 bytes)

GC Heap History (20 events):
Event: 10.704 GC heap after
{Heap after GC invocations=16 (full 0):
 garbage-first heap   total 86016K, used 39962K [0x0000000080000000, 0x0000000100000000)
  region size 1024K, 5 young (5120K), 5 survivors (5120K)
 Metaspace       used 58601K, committed 59136K, reserved 1114112K
  class space    used 7948K, committed 8192K, reserved 1048576K
}
Event: 11.485 GC heap before
{Heap before GC invocations=16 (full 0):
 garbage-first heap   total 86016K, used 67610K [0x0000000080000000, 0x0000000100000000)
  region size 1024K, 33 young (33792K), 5 survivors (5120K)
 Metaspace       used 59535K, committed 60032K, reserved 1114112K
  class space    used 8046K, committed 8256K, reserved 1048576K
}
Event: 11.500 GC heap after
{Heap after GC invocations=17 (full 0):
 garbage-first heap   total 86016K, used 44461K [0x0000000080000000, 0x0000000100000000)
  region size 1024K, 5 young (5120K), 5 survivors (5120K)
 Metaspace       used 59535K, committed 60032K, reserved 1114112K
  class space    used 8046K, committed 8256K, reserved 1048576K
}
Event: 11.795 GC heap before
{Heap before GC invocations=17 (full 0):
 garbage-first heap   total 86016K, used 66989K [0x0000000080000000, 0x0000000100000000)
  region size 1024K, 28 young (28672K), 5 survivors (5120K)
 Metaspace       used 59712K, committed 60224K, reserved 1114112K
  class space    used 8048K, committed 8256K, reserved 1048576K
}
Event: 11.806 GC heap after
{Heap after GC invocations=18 (full 0):
 garbage-first heap   total 86016K, used 46145K [0x0000000080000000, 0x0000000100000000)
  region size 1024K, 3 young (3072K), 3 survivors (3072K)
 Metaspace       used 59712K, committed 60224K, reserved 1114112K
  class space    used 8048K, committed 8256K, reserved 1048576K
}
Event: 12.202 GC heap before
{Heap before GC invocations=19 (full 0):
 garbage-first heap   total 86016K, used 76865K [0x0000000080000000, 0x0000000100000000)
  region size 1024K, 22 young (22528K), 3 survivors (3072K)
 Metaspace       used 60094K, committed 60736K, reserved 1114112K
  class space    used 8104K, committed 8384K, reserved 1048576K
}
Event: 12.210 GC heap after
{Heap after GC invocations=20 (full 0):
 garbage-first heap   total 89088K, used 65332K [0x0000000080000000, 0x0000000100000000)
  region size 1024K, 3 young (3072K), 3 survivors (3072K)
 Metaspace       used 60094K, committed 60736K, reserved 1114112K
  class space    used 8104K, committed 8384K, reserved 1048576K
}
Event: 12.234 GC heap before
{Heap before GC invocations=20 (full 0):
 garbage-first heap   total 89088K, used 66356K [0x0000000080000000, 0x0000000100000000)
  region size 1024K, 4 young (4096K), 3 survivors (3072K)
 Metaspace       used 60165K, committed 60864K, reserved 1114112K
  class space    used 8125K, committed 8448K, reserved 1048576K
}
Event: 12.237 GC heap after
{Heap after GC invocations=21 (full 0):
 garbage-first heap   total 107520K, used 65920K [0x0000000080000000, 0x0000000100000000)
  region size 1024K, 1 young (1024K), 1 survivors (1024K)
 Metaspace       used 60165K, committed 60864K, reserved 1114112K
  class space    used 8125K, committed 8448K, reserved 1048576K
}
Event: 12.492 GC heap before
{Heap before GC invocations=21 (full 0):
 garbage-first heap   total 107520K, used 82304K [0x0000000080000000, 0x0000000100000000)
  region size 1024K, 18 young (18432K), 1 survivors (1024K)
 Metaspace       used 61355K, committed 62016K, reserved 1114112K
  class space    used 8268K, committed 8576K, reserved 1048576K
}
Event: 12.494 GC heap after
{Heap after GC invocations=22 (full 0):
 garbage-first heap   total 107520K, used 67370K [0x0000000080000000, 0x0000000100000000)
  region size 1024K, 2 young (2048K), 2 survivors (2048K)
 Metaspace       used 61355K, committed 62016K, reserved 1114112K
  class space    used 8268K, committed 8576K, reserved 1048576K
}
Event: 12.909 GC heap before
{Heap before GC invocations=23 (full 0):
 garbage-first heap   total 122880K, used 84778K [0x0000000080000000, 0x0000000100000000)
  region size 1024K, 19 young (19456K), 2 survivors (2048K)
 Metaspace       used 62767K, committed 63360K, reserved 1114112K
  class space    used 8485K, committed 8768K, reserved 1048576K
}
Event: 12.913 GC heap after
{Heap after GC invocations=24 (full 0):
 garbage-first heap   total 122880K, used 67313K [0x0000000080000000, 0x0000000100000000)
  region size 1024K, 2 young (2048K), 2 survivors (2048K)
 Metaspace       used 62767K, committed 63360K, reserved 1114112K
  class space    used 8485K, committed 8768K, reserved 1048576K
}
Event: 12.999 GC heap before
{Heap before GC invocations=24 (full 0):
 garbage-first heap   total 122880K, used 70385K [0x0000000080000000, 0x0000000100000000)
  region size 1024K, 6 young (6144K), 2 survivors (2048K)
 Metaspace       used 63146K, committed 63744K, reserved 1114112K
  class space    used 8529K, committed 8832K, reserved 1048576K
}
Event: 13.004 GC heap after
{Heap after GC invocations=25 (full 0):
 garbage-first heap   total 122880K, used 66933K [0x0000000080000000, 0x0000000100000000)
  region size 1024K, 1 young (1024K), 1 survivors (1024K)
 Metaspace       used 63146K, committed 63744K, reserved 1114112K
  class space    used 8529K, committed 8832K, reserved 1048576K
}
Event: 13.646 GC heap before
{Heap before GC invocations=25 (full 0):
 garbage-first heap   total 122880K, used 98677K [0x0000000080000000, 0x0000000100000000)
  region size 1024K, 32 young (32768K), 1 survivors (1024K)
 Metaspace       used 66172K, committed 66752K, reserved 1114112K
  class space    used 8866K, committed 9152K, reserved 1048576K
}
Event: 13.650 GC heap after
{Heap after GC invocations=26 (full 0):
 garbage-first heap   total 122880K, used 67646K [0x0000000080000000, 0x0000000100000000)
  region size 1024K, 2 young (2048K), 2 survivors (2048K)
 Metaspace       used 66172K, committed 66752K, reserved 1114112K
  class space    used 8866K, committed 9152K, reserved 1048576K
}
Event: 14.402 GC heap before
{Heap before GC invocations=27 (full 0):
 garbage-first heap   total 122880K, used 104510K [0x0000000080000000, 0x0000000100000000)
  region size 1024K, 34 young (34816K), 2 survivors (2048K)
 Metaspace       used 69447K, committed 70144K, reserved 1114112K
  class space    used 9343K, committed 9664K, reserved 1048576K
}
Event: 14.410 GC heap after
{Heap after GC invocations=28 (full 0):
 garbage-first heap   total 122880K, used 75168K [0x0000000080000000, 0x0000000100000000)
  region size 1024K, 5 young (5120K), 5 survivors (5120K)
 Metaspace       used 69447K, committed 70144K, reserved 1114112K
  class space    used 9343K, committed 9664K, reserved 1048576K
}
Event: 14.417 GC heap before
{Heap before GC invocations=28 (full 0):
 garbage-first heap   total 122880K, used 78240K [0x0000000080000000, 0x0000000100000000)
  region size 1024K, 6 young (6144K), 5 survivors (5120K)
 Metaspace       used 69447K, committed 70144K, reserved 1114112K
  class space    used 9343K, committed 9664K, reserved 1048576K
}

Dll operation events (3 events):
Event: 0.010 Loaded shared library C:\Program Files\Android\Android Studio\jbr\bin\java.dll
Event: 0.207 Loaded shared library C:\Program Files\Android\Android Studio\jbr\bin\zip.dll
Event: 0.696 Loaded shared library C:\Program Files\Android\Android Studio\jbr\bin\verify.dll

Deoptimization events (20 events):
Event: 14.384 Thread 0x000001ab36797100 DEOPT PACKING pc=0x000001ab19996fc9 sp=0x0000002a9d8f20f0
Event: 14.384 Thread 0x000001ab36797100 DEOPT UNPACKING pc=0x000001ab20bb7143 sp=0x0000002a9d8f1568 mode 0
Event: 14.385 Thread 0x000001ab36797100 DEOPT PACKING pc=0x000001ab19996fc9 sp=0x0000002a9d8f20f0
Event: 14.385 Thread 0x000001ab36797100 DEOPT UNPACKING pc=0x000001ab20bb7143 sp=0x0000002a9d8f1568 mode 0
Event: 14.386 Thread 0x000001ab36797100 DEOPT PACKING pc=0x000001ab19996fc9 sp=0x0000002a9d8f20f0
Event: 14.386 Thread 0x000001ab36797100 DEOPT UNPACKING pc=0x000001ab20bb7143 sp=0x0000002a9d8f1568 mode 0
Event: 14.388 Thread 0x000001ab36797100 DEOPT PACKING pc=0x000001ab19996fc9 sp=0x0000002a9d8f20f0
Event: 14.388 Thread 0x000001ab36797100 DEOPT UNPACKING pc=0x000001ab20bb7143 sp=0x0000002a9d8f1568 mode 0
Event: 14.389 Thread 0x000001ab36797100 DEOPT PACKING pc=0x000001ab19996fc9 sp=0x0000002a9d8f20f0
Event: 14.389 Thread 0x000001ab36797100 DEOPT UNPACKING pc=0x000001ab20bb7143 sp=0x0000002a9d8f1568 mode 0
Event: 14.390 Thread 0x000001ab36797100 DEOPT PACKING pc=0x000001ab19996fc9 sp=0x0000002a9d8f20f0
Event: 14.390 Thread 0x000001ab36797100 DEOPT UNPACKING pc=0x000001ab20bb7143 sp=0x0000002a9d8f1568 mode 0
Event: 14.392 Thread 0x000001ab36797100 DEOPT PACKING pc=0x000001ab19996fc9 sp=0x0000002a9d8f20f0
Event: 14.392 Thread 0x000001ab36797100 DEOPT UNPACKING pc=0x000001ab20bb7143 sp=0x0000002a9d8f1568 mode 0
Event: 14.393 Thread 0x000001ab36797100 DEOPT PACKING pc=0x000001ab19996fc9 sp=0x0000002a9d8f20f0
Event: 14.393 Thread 0x000001ab36797100 DEOPT UNPACKING pc=0x000001ab20bb7143 sp=0x0000002a9d8f1568 mode 0
Event: 14.396 Thread 0x000001ab36797100 DEOPT PACKING pc=0x000001ab1a31cee6 sp=0x0000002a9d8f1d00
Event: 14.396 Thread 0x000001ab36797100 DEOPT UNPACKING pc=0x000001ab20bb7143 sp=0x0000002a9d8f1180 mode 0
Event: 14.398 Thread 0x000001ab36797100 DEOPT PACKING pc=0x000001ab1a31cee6 sp=0x0000002a9d8f1d00
Event: 14.398 Thread 0x000001ab36797100 DEOPT UNPACKING pc=0x000001ab20bb7143 sp=0x0000002a9d8f1180 mode 0

Classes unloaded (0 events):
No events

Classes redefined (0 events):
No events

Internal exceptions (20 events):
Event: 10.429 Thread 0x000001ab36797100 Exception <a 'java/lang/NoSuchMethodError'{0x0000000083cec098}: 'java.lang.Object java.lang.invoke.Invokers$Holder.linkToTargetMethod(java.lang.Object, java.lang.Object, java.lang.Object, java.lang.Object, int, java.lang.Object)'> (0x0000000083cec098) 
thrown [s\src\hotspot\share\interpreter\linkResolver.cpp, line 771]
Event: 10.436 Thread 0x000001ab36797100 Exception <a 'java/lang/NoSuchMethodError'{0x0000000083b1f090}: 'java.lang.Object java.lang.invoke.DirectMethodHandle$Holder.invokeSpecial(java.lang.Object, java.lang.Object, java.lang.Object, java.lang.Object, java.lang.Object, long)'> (0x0000000083b1f090) 
thrown [s\src\hotspot\share\interpreter\linkResolver.cpp, line 771]
Event: 10.439 Thread 0x000001ab36797100 Exception <a 'java/lang/NoSuchMethodError'{0x0000000083b424b8}: 'void java.lang.invoke.DirectMethodHandle$Holder.invokeStatic(java.lang.Object, java.lang.Object, java.lang.Object, int, java.lang.Object)'> (0x0000000083b424b8) 
thrown [s\src\hotspot\share\interpreter\linkResolver.cpp, line 771]
Event: 11.208 Thread 0x000001ab36797100 Exception <a 'java/lang/NoSuchMethodError'{0x0000000084478160}: 'java.lang.Object java.lang.invoke.DirectMethodHandle$Holder.newInvokeSpecial(java.lang.Object, java.lang.Object, java.lang.Object, java.lang.Object, int, java.lang.Object)'> (0x0000000084478160) 
thrown [s\src\hotspot\share\interpreter\linkResolver.cpp, line 771]
Event: 11.209 Thread 0x000001ab36797100 Exception <a 'java/lang/NoSuchMethodError'{0x000000008447d4b8}: 'java.lang.Object java.lang.invoke.Invokers$Holder.linkToTargetMethod(java.lang.Object, java.lang.Object, java.lang.Object, int, java.lang.Object, java.lang.Object)'> (0x000000008447d4b8) 
thrown [s\src\hotspot\share\interpreter\linkResolver.cpp, line 771]
Event: 11.853 Thread 0x000001ab36797100 Exception <a 'java/lang/NoSuchMethodError'{0x0000000087e59c40}: 'long java.lang.invoke.DirectMethodHandle$Holder.invokeVirtual(java.lang.Object, java.lang.Object)'> (0x0000000087e59c40) 
thrown [s\src\hotspot\share\interpreter\linkResolver.cpp, line 771]
Event: 11.861 Thread 0x000001ab36974e60 Exception <a 'java/lang/NoSuchMethodError'{0x0000000087eb1cc0}: static Lorg/gradle/internal/build/event/types/DefaultOperationFinishedProgressEvent;.<clinit>()V> (0x0000000087eb1cc0) 
thrown [s\src\hotspot\share\prims\jni.cpp, line 1127]
Event: 11.866 Thread 0x000001ab36974e60 Exception <a 'java/lang/NoSuchMethodError'{0x0000000087edc598}: static Lorg/gradle/internal/build/event/types/DefaultProjectConfigurationSuccessResult;.<clinit>()V> (0x0000000087edc598) 
thrown [s\src\hotspot\share\prims\jni.cpp, line 1127]
Event: 11.867 Thread 0x000001ab36974e60 Exception <a 'java/lang/NoSuchMethodError'{0x0000000087ee0f78}: static Lorg/gradle/internal/build/event/types/AbstractProjectConfigurationResult;.<clinit>()V> (0x0000000087ee0f78) 
thrown [s\src\hotspot\share\prims\jni.cpp, line 1127]
Event: 11.867 Thread 0x000001ab36974e60 Exception <a 'java/lang/NoSuchMethodError'{0x0000000087ee26c0}: static Lorg/gradle/internal/build/event/types/AbstractOperationResult;.<clinit>()V> (0x0000000087ee26c0) 
thrown [s\src\hotspot\share\prims\jni.cpp, line 1127]
Event: 11.867 Thread 0x000001ab36974e60 Exception <a 'java/lang/NoSuchMethodError'{0x0000000087ee3b10}: static Lorg/gradle/internal/build/event/types/AbstractResult;.<clinit>()V> (0x0000000087ee3b10) 
thrown [s\src\hotspot\share\prims\jni.cpp, line 1127]
Event: 11.869 Thread 0x000001ab36974e60 Exception <a 'java/lang/NoSuchMethodError'{0x0000000087efca38}: static Lorg/gradle/internal/build/event/types/DefaultPluginApplicationResult;.<clinit>()V> (0x0000000087efca38) 
thrown [s\src\hotspot\share\prims\jni.cpp, line 1127]
Event: 11.871 Thread 0x000001ab36974e60 Exception <a 'java/lang/NoSuchMethodError'{0x00000000851096a0}: static Lorg/gradle/internal/build/event/types/DefaultBinaryPluginIdentifier;.<clinit>()V> (0x00000000851096a0) 
thrown [s\src\hotspot\share\prims\jni.cpp, line 1127]
Event: 11.875 Thread 0x000001ab36974e60 Exception <a 'java/lang/NoSuchMethodError'{0x0000000085123558}: static Lorg/gradle/internal/build/event/types/DefaultScriptPluginIdentifier;.<clinit>()V> (0x0000000085123558) 
thrown [s\src\hotspot\share\prims\jni.cpp, line 1127]
Event: 12.001 Thread 0x000001ab36797100 Implicit null exception at 0x000001ab212c0a12 to 0x000001ab212c107c
Event: 12.001 Thread 0x000001ab36797100 Implicit null exception at 0x000001ab212c2b14 to 0x000001ab212c318c
Event: 12.175 Thread 0x000001ab36797100 Exception <a 'java/lang/ClassNotFoundException'{0x00000000842a02e0}: sun/misc/SharedSecrets> (0x00000000842a02e0) 
thrown [s\src\hotspot\share\classfile\systemDictionary.cpp, line 256]
Event: 12.175 Thread 0x000001ab36797100 Exception <a 'java/lang/ClassNotFoundException'{0x00000000842a18b8}: org/gradle/api/internal/plugins/DefaultObjectConfigurationActionBeanInfo> (0x00000000842a18b8) 
thrown [s\src\hotspot\share\classfile\systemDictionary.cpp, line 256]
Event: 12.177 Thread 0x000001ab36797100 Exception <a 'java/lang/ClassNotFoundException'{0x00000000842b79e0}: org/gradle/api/internal/plugins/DefaultObjectConfigurationActionCustomizer> (0x00000000842b79e0) 
thrown [s\src\hotspot\share\classfile\systemDictionary.cpp, line 256]
Event: 14.180 Thread 0x000001ab36797100 Implicit null exception at 0x000001ab212f498c to 0x000001ab212f4abe

VM Operations (20 events):
Event: 12.627 Executing VM operation: G1PauseRemark done
Event: 12.684 Executing VM operation: G1PauseCleanup
Event: 12.684 Executing VM operation: G1PauseCleanup done
Event: 12.909 Executing VM operation: G1CollectForAllocation
Event: 12.913 Executing VM operation: G1CollectForAllocation done
Event: 12.999 Executing VM operation: G1CollectForAllocation
Event: 13.004 Executing VM operation: G1CollectForAllocation done
Event: 13.311 Executing VM operation: HandshakeAllThreads
Event: 13.311 Executing VM operation: HandshakeAllThreads done
Event: 13.646 Executing VM operation: G1CollectForAllocation
Event: 13.650 Executing VM operation: G1CollectForAllocation done
Event: 13.777 Executing VM operation: G1PauseRemark
Event: 13.783 Executing VM operation: G1PauseRemark done
Event: 13.840 Executing VM operation: G1PauseCleanup
Event: 13.840 Executing VM operation: G1PauseCleanup done
Event: 14.131 Executing VM operation: HandshakeAllThreads
Event: 14.131 Executing VM operation: HandshakeAllThreads done
Event: 14.402 Executing VM operation: G1CollectForAllocation
Event: 14.410 Executing VM operation: G1CollectForAllocation done
Event: 14.417 Executing VM operation: G1CollectForAllocation

Events (20 events):
Event: 14.268 loading class java/security/cert/CertPathValidatorException$BasicReason
Event: 14.268 loading class java/security/cert/CertPathValidatorException$Reason
Event: 14.268 loading class java/security/cert/CertPathValidatorException$Reason done
Event: 14.268 loading class java/security/cert/CertPathValidatorException$BasicReason done
Event: 14.269 loading class java/security/SignatureException
Event: 14.269 loading class java/security/SignatureException done
Event: 14.278 loading class sun/security/rsa/RSASignature$SHA256withRSA
Event: 14.278 loading class sun/security/rsa/RSASignature$SHA256withRSA done
Event: 14.280 loading class sun/security/provider/DSA$SHA256withDSA
Event: 14.280 loading class sun/security/provider/DSA$SHA256withDSA done
Event: 14.308 loading class java/util/Base64
Event: 14.309 loading class java/util/Base64 done
Event: 14.309 loading class java/util/Base64$Decoder
Event: 14.309 loading class java/util/Base64$Decoder done
Event: 14.309 loading class java/util/Base64$Encoder
Event: 14.309 loading class java/util/Base64$Encoder done
Event: 14.311 loading class java/util/jar/JarVerifier$VerifierStream
Event: 14.311 loading class java/util/jar/JarVerifier$VerifierStream done
Event: 14.311 loading class sun/security/util/ManifestEntryVerifier$SunProviderHolder
Event: 14.311 loading class sun/security/util/ManifestEntryVerifier$SunProviderHolder done


Dynamic libraries:
0x00007ff633470000 - 0x00007ff63347a000 	C:\Program Files\Android\Android Studio\jbr\bin\java.exe
0x00007ff9cddd0000 - 0x00007ff9cdfc8000 	C:\WINDOWS\SYSTEM32\ntdll.dll
0x00007ff9cbe00000 - 0x00007ff9cbec1000 	C:\WINDOWS\System32\KERNEL32.DLL
0x00007ff9cb9d0000 - 0x00007ff9cbccd000 	C:\WINDOWS\System32\KERNELBASE.dll
0x00007ff9cbd00000 - 0x00007ff9cbe00000 	C:\WINDOWS\System32\ucrtbase.dll
0x00007ff9b86b0000 - 0x00007ff9b86cb000 	C:\Program Files\Android\Android Studio\jbr\bin\VCRUNTIME140.dll
0x00007ff986af0000 - 0x00007ff986b07000 	C:\Program Files\Android\Android Studio\jbr\bin\jli.dll
0x00007ff9cd6a0000 - 0x00007ff9cd83d000 	C:\WINDOWS\System32\USER32.dll
0x00007ff9cbcd0000 - 0x00007ff9cbcf2000 	C:\WINDOWS\System32\win32u.dll
0x00007ff9b9130000 - 0x00007ff9b93ca000 	C:\WINDOWS\WinSxS\amd64_microsoft.windows.common-controls_6595b64144ccf1df_6.0.19041.4355_none_60b8b9eb71f62e16\COMCTL32.dll
0x00007ff9cdae0000 - 0x00007ff9cdb0b000 	C:\WINDOWS\System32\GDI32.dll
0x00007ff9cb820000 - 0x00007ff9cb937000 	C:\WINDOWS\System32\gdi32full.dll
0x00007ff9ccc50000 - 0x00007ff9cccee000 	C:\WINDOWS\System32\msvcrt.dll
0x00007ff9cb690000 - 0x00007ff9cb72d000 	C:\WINDOWS\System32\msvcp_win.dll
0x00007ff9cd4c0000 - 0x00007ff9cd4ef000 	C:\WINDOWS\System32\IMM32.DLL
0x00007ff9bc950000 - 0x00007ff9bc95c000 	C:\Program Files\Android\Android Studio\jbr\bin\vcruntime140_1.dll
0x00007ff9a81c0000 - 0x00007ff9a824d000 	C:\Program Files\Android\Android Studio\jbr\bin\msvcp140.dll
0x00007ff9738f0000 - 0x00007ff974573000 	C:\Program Files\Android\Android Studio\jbr\bin\server\jvm.dll
0x00007ff9cd3a0000 - 0x00007ff9cd450000 	C:\WINDOWS\System32\ADVAPI32.dll
0x00007ff9cd920000 - 0x00007ff9cd9c0000 	C:\WINDOWS\System32\sechost.dll
0x00007ff9cd270000 - 0x00007ff9cd393000 	C:\WINDOWS\System32\RPCRT4.dll
0x00007ff9cb780000 - 0x00007ff9cb7a7000 	C:\WINDOWS\System32\bcrypt.dll
0x00007ff9ca9c0000 - 0x00007ff9caa0b000 	C:\WINDOWS\SYSTEM32\POWRPROF.dll
0x00007ff9c5ce0000 - 0x00007ff9c5ce9000 	C:\WINDOWS\SYSTEM32\WSOCK32.dll
0x00007ff9cda70000 - 0x00007ff9cdadb000 	C:\WINDOWS\System32\WS2_32.dll
0x00007ff9afc40000 - 0x00007ff9afc67000 	C:\WINDOWS\SYSTEM32\WINMM.dll
0x00007ff9ba3b0000 - 0x00007ff9ba3ba000 	C:\WINDOWS\SYSTEM32\VERSION.dll
0x00007ff9ca830000 - 0x00007ff9ca842000 	C:\WINDOWS\SYSTEM32\UMPDC.dll
0x00007ff9c92c0000 - 0x00007ff9c92d2000 	C:\WINDOWS\SYSTEM32\kernel.appcore.dll
0x00007ff9ace90000 - 0x00007ff9ace9a000 	C:\Program Files\Android\Android Studio\jbr\bin\jimage.dll
0x00007ff9b42f0000 - 0x00007ff9b44d4000 	C:\WINDOWS\SYSTEM32\DBGHELP.DLL
0x00007ff9b42b0000 - 0x00007ff9b42e4000 	C:\WINDOWS\SYSTEM32\dbgcore.DLL
0x00007ff9cb940000 - 0x00007ff9cb9c2000 	C:\WINDOWS\System32\bcryptPrimitives.dll
0x00007ff9a8270000 - 0x00007ff9a827e000 	C:\Program Files\Android\Android Studio\jbr\bin\instrument.dll
0x00007ff9a35d0000 - 0x00007ff9a35f5000 	C:\Program Files\Android\Android Studio\jbr\bin\java.dll
0x00007ff9a35b0000 - 0x00007ff9a35c8000 	C:\Program Files\Android\Android Studio\jbr\bin\zip.dll
0x00007ff9cc400000 - 0x00007ff9ccb6f000 	C:\WINDOWS\System32\SHELL32.dll
0x00007ff9c94c0000 - 0x00007ff9c9c5f000 	C:\WINDOWS\SYSTEM32\windows.storage.dll
0x00007ff9ccde0000 - 0x00007ff9cd133000 	C:\WINDOWS\System32\combase.dll
0x00007ff9cadc0000 - 0x00007ff9cadee000 	C:\WINDOWS\SYSTEM32\Wldp.dll
0x00007ff9cdb10000 - 0x00007ff9cdbdd000 	C:\WINDOWS\System32\OLEAUT32.dll
0x00007ff9cd9c0000 - 0x00007ff9cda6d000 	C:\WINDOWS\System32\SHCORE.dll
0x00007ff9ccd00000 - 0x00007ff9ccd55000 	C:\WINDOWS\System32\shlwapi.dll
0x00007ff9cb3b0000 - 0x00007ff9cb3d4000 	C:\WINDOWS\SYSTEM32\profapi.dll
0x00007ff9a3590000 - 0x00007ff9a35a9000 	C:\Program Files\Android\Android Studio\jbr\bin\net.dll
0x00007ff9c1370000 - 0x00007ff9c147d000 	C:\WINDOWS\SYSTEM32\WINHTTP.dll
0x00007ff9caba0000 - 0x00007ff9cac0a000 	C:\WINDOWS\system32\mswsock.dll
0x00007ff988560000 - 0x00007ff988576000 	C:\Program Files\Android\Android Studio\jbr\bin\nio.dll
0x00007ff9a8440000 - 0x00007ff9a8450000 	C:\Program Files\Android\Android Studio\jbr\bin\verify.dll
0x00007ff9bfb90000 - 0x00007ff9bfbb7000 	C:\Users\hp 1040\.gradle\native\c067742578af261105cb4f569cf0c3c89f3d7b1fecec35dd04571415982c5e48\windows-amd64\native-platform.dll
0x00007ff959c60000 - 0x00007ff959da4000 	C:\Users\hp 1040\.gradle\native\38dada09dfb8b06ba9b0570ebf7e218e3eb74d4ef43ca46872605cf95ebc2f47\windows-amd64\native-platform-file-events.dll
0x00007ff9a9390000 - 0x00007ff9a9399000 	C:\Program Files\Android\Android Studio\jbr\bin\management.dll
0x00007ff9a8840000 - 0x00007ff9a884b000 	C:\Program Files\Android\Android Studio\jbr\bin\management_ext.dll
0x00007ff9cccf0000 - 0x00007ff9cccf8000 	C:\WINDOWS\System32\PSAPI.DLL
0x00007ff9cb110000 - 0x00007ff9cb128000 	C:\WINDOWS\SYSTEM32\CRYPTSP.dll
0x00007ff9ca470000 - 0x00007ff9ca4a4000 	C:\WINDOWS\system32\rsaenh.dll
0x00007ff9cb320000 - 0x00007ff9cb34e000 	C:\WINDOWS\SYSTEM32\USERENV.dll
0x00007ff9cad30000 - 0x00007ff9cad3c000 	C:\WINDOWS\SYSTEM32\CRYPTBASE.dll
0x00007ff9ca850000 - 0x00007ff9ca88b000 	C:\WINDOWS\SYSTEM32\IPHLPAPI.DLL
0x00007ff9cbf80000 - 0x00007ff9cbf88000 	C:\WINDOWS\System32\NSI.dll
0x00007ff9c3d50000 - 0x00007ff9c3d67000 	C:\WINDOWS\SYSTEM32\dhcpcsvc6.DLL
0x00007ff9c34b0000 - 0x00007ff9c34cd000 	C:\WINDOWS\SYSTEM32\dhcpcsvc.DLL
0x00007ff9ca8a0000 - 0x00007ff9ca96a000 	C:\WINDOWS\SYSTEM32\DNSAPI.dll
0x00007ff9a9630000 - 0x00007ff9a9639000 	C:\Program Files\Android\Android Studio\jbr\bin\extnet.dll
0x00007ff9ab6e0000 - 0x00007ff9ab6e7000 	C:\WINDOWS\system32\wshunix.dll

dbghelp: loaded successfully - version: 4.0.5 - missing functions: none
symbol engine: initialized successfully - sym options: 0x614 - pdb path: .;C:\Program Files\Android\Android Studio\jbr\bin;C:\WINDOWS\SYSTEM32;C:\WINDOWS\WinSxS\amd64_microsoft.windows.common-controls_6595b64144ccf1df_6.0.19041.4355_none_60b8b9eb71f62e16;C:\Program Files\Android\Android Studio\jbr\bin\server;C:\Users\hp 1040\.gradle\native\c067742578af261105cb4f569cf0c3c89f3d7b1fecec35dd04571415982c5e48\windows-amd64;C:\Users\hp 1040\.gradle\native\38dada09dfb8b06ba9b0570ebf7e218e3eb74d4ef43ca46872605cf95ebc2f47\windows-amd64

VM Arguments:
jvm_args: --add-opens=java.base/java.util=ALL-UNNAMED --add-opens=java.base/java.lang=ALL-UNNAMED --add-opens=java.base/java.lang.invoke=ALL-UNNAMED --add-opens=java.prefs/java.util.prefs=ALL-UNNAMED --add-opens=java.base/java.nio.charset=ALL-UNNAMED --add-opens=java.base/java.net=ALL-UNNAMED --add-opens=java.base/java.util.concurrent.atomic=ALL-UNNAMED -Xmx2048m -Dfile.encoding=UTF-8 -Duser.country=IN -Duser.language=en -Duser.variant -javaagent:C:\Users\hp 1040\.gradle\wrapper\dists\gradle-8.7-bin\bhs2wmbdwecv87pi65oeuq5iu\gradle-8.7\lib\agents\gradle-instrumentation-agent-8.7.jar 
java_command: org.gradle.launcher.daemon.bootstrap.GradleDaemon 8.7
java_class_path (initial): C:\Users\hp 1040\.gradle\wrapper\dists\gradle-8.7-bin\bhs2wmbdwecv87pi65oeuq5iu\gradle-8.7\lib\gradle-launcher-8.7.jar
Launcher Type: SUN_STANDARD

[Global flags]
     intx CICompilerCount                          = 3                                         {product} {ergonomic}
     uint ConcGCThreads                            = 1                                         {product} {ergonomic}
     uint G1ConcRefinementThreads                  = 4                                         {product} {ergonomic}
   size_t G1HeapRegionSize                         = 1048576                                   {product} {ergonomic}
    uintx GCDrainStackTargetSize                   = 64                                        {product} {ergonomic}
   size_t InitialHeapSize                          = 134217728                                 {product} {ergonomic}
   size_t MarkStackSize                            = 4194304                                   {product} {ergonomic}
   size_t MaxHeapSize                              = 2147483648                                {product} {command line}
   size_t MaxNewSize                               = 1287651328                                {product} {ergonomic}
   size_t MinHeapDeltaBytes                        = 1048576                                   {product} {ergonomic}
   size_t MinHeapSize                              = 8388608                                   {product} {ergonomic}
    uintx NonNMethodCodeHeapSize                   = 5832780                                {pd product} {ergonomic}
    uintx NonProfiledCodeHeapSize                  = 122912730                              {pd product} {ergonomic}
    uintx ProfiledCodeHeapSize                     = 122912730                              {pd product} {ergonomic}
    uintx ReservedCodeCacheSize                    = 251658240                              {pd product} {ergonomic}
     bool SegmentedCodeCache                       = true                                      {product} {ergonomic}
   size_t SoftMaxHeapSize                          = 2147483648                             {manageable} {ergonomic}
     bool UseCompressedClassPointers               = true                           {product lp64_product} {ergonomic}
     bool UseCompressedOops                        = true                           {product lp64_product} {ergonomic}
     bool UseG1GC                                  = true                                      {product} {ergonomic}
     bool UseLargePagesIndividualAllocation        = false                                  {pd product} {ergonomic}

Logging:
Log output configuration:
 #0: stdout all=warning uptime,level,tags
 #1: stderr all=off uptime,level,tags

Environment Variables:
PATH=C:\WINDOWS\system32;C:\WINDOWS;C:\WINDOWS\System32\Wbem;C:\WINDOWS\System32\WindowsPowerShell\v1.0\;C:\WINDOWS\System32\OpenSSH\;C:\Program Files\Git\cmd;C:\Program Files\nodejs;C:\Users\hp 1040\AppData\Local\Microsoft\WindowsApps;C:\Users\hp 1040\AppData\Local\Programs\Microsoft VS Code\bin;C:\Users\hp 1040\AppData\Roaming\npm;C:\Users\hp 1040\fluttersdk\flutter\bin;C:\Users\hp 1040\flutter\flutter\bin
USERNAME=hp 1040
OS=Windows_NT
PROCESSOR_IDENTIFIER=Intel64 Family 6 Model 69 Stepping 1, GenuineIntel
TMP=C:\Users\HP1040~1\AppData\Local\Temp
TEMP=C:\Users\HP1040~1\AppData\Local\Temp



Periodic native trim disabled

JNI global refs:
JNI global refs: 25, weak refs: 0

JNI global refs memory usage: 843, weak refs: 209

Process memory usage:
Resident Set Size: 326896K (3% of 8283244K total physical memory with 1013080K free physical memory)

OOME stack traces (most recent first):
Classloader memory used:
Loader org.gradle.internal.classloader.VisitableURLClassLoader                         : 3914K
Loader bootstrap                                                                       : 2733K
Loader org.gradle.initialization.MixInLegacyTypesClassLoader                           : 1227K
Loader org.gradle.internal.classloader.VisitableURLClassLoader$InstrumentingVisitableURLClassLoader: 653K
Loader jdk.internal.loader.ClassLoaders$PlatformClassLoader                            : 66913B
Loader jdk.internal.reflect.DelegatingClassLoader                                      : 29699B
Loader jdk.internal.loader.ClassLoaders$AppClassLoader                                 : 28745B
Loader org.gradle.internal.classloader.VisitableURLClassLoader                         : 24229B
Loader org.gradle.groovy.scripts.internal.DefaultScriptCompilationHandler$ScriptClassLoader: 4534B
Loader org.codehaus.groovy.runtime.callsite.CallSiteClassLoader                        : 1270B

Classes loaded by more than one classloader:
Class Program                                                                         : loaded 4 times (x 72B)
Class com.google.common.collect.Iterators$MergingIterator                             : loaded 2 times (x 79B)
Class [Lcom.google.common.collect.AbstractMapEntry;                                   : loaded 2 times (x 67B)
Class com.google.common.collect.SingletonImmutableList                                : loaded 2 times (x 167B)
Class com.google.common.cache.CacheLoader$SupplierToCacheLoader                       : loaded 2 times (x 73B)
Class org.gradle.internal.classpath.ClassPath                                         : loaded 2 times (x 68B)
Class com.google.common.cache.RemovalListener                                         : loaded 2 times (x 68B)
Class org.gradle.api.internal.classpath.DefaultModuleRegistry                         : loaded 2 times (x 84B)
Class Settings_gradle$1$1                                                             : loaded 2 times (x 72B)
Class com.google.common.collect.ListMultimap                                          : loaded 2 times (x 68B)
Class com.google.common.base.CharMatcher$JavaDigit                                    : loaded 2 times (x 109B)
Class com.google.common.base.CharMatcher$Digit                                        : loaded 2 times (x 110B)
Class com.google.common.collect.AbstractMultimap                                      : loaded 2 times (x 121B)
Class com.google.common.cache.CacheBuilder$OneWeigher                                 : loaded 2 times (x 80B)
Class org.gradle.api.Action                                                           : loaded 2 times (x 68B)
Class com.google.common.collect.ImmutableEntry                                        : loaded 2 times (x 80B)
Class com.google.common.collect.Lists$StringAsImmutableList                           : loaded 2 times (x 167B)
Class com.google.common.base.CharMatcher                                              : loaded 2 times (x 109B)
Class com.google.common.base.CharMatcher$IsNot                                        : loaded 2 times (x 109B)
Class com.google.common.base.Splitter                                                 : loaded 2 times (x 70B)
Class [Lcom.google.common.cache.Weigher;                                              : loaded 2 times (x 67B)
Class com.google.common.collect.Iterators$ArrayItr                                    : loaded 2 times (x 95B)
Class com.google.common.cache.LocalCache$Segment                                      : loaded 2 times (x 152B)
Class org.gradle.api.internal.DefaultClassPathProvider                                : loaded 2 times (x 74B)
Class org.gradle.internal.installation.GradleInstallation$1                           : loaded 2 times (x 73B)
Class com.google.common.base.CharMatcher$BitSetMatcher                                : loaded 2 times (x 110B)
Class com.google.common.collect.ImmutableMap$IteratorBasedImmutableMap                : loaded 2 times (x 123B)
Class com.google.common.collect.ImmutableMap                                          : loaded 2 times (x 118B)
Class com.google.common.base.Converter                                                : loaded 2 times (x 88B)
Class com.google.common.collect.ImmutableSet$EmptySetBuilderImpl                      : loaded 2 times (x 74B)
Class com.google.common.base.Equivalence                                              : loaded 2 times (x 80B)
Class com.google.common.cache.LocalCache$EntryFactory$1                               : loaded 2 times (x 81B)
Class com.google.common.cache.LocalCache$EntryFactory$2                               : loaded 2 times (x 81B)
Class com.google.common.cache.LocalCache$EntryFactory$3                               : loaded 2 times (x 81B)
Class com.google.common.cache.LocalCache$EntryFactory$4                               : loaded 2 times (x 81B)
Class com.google.common.cache.LocalCache$EntryFactory$5                               : loaded 2 times (x 81B)
Class com.google.common.cache.LocalCache$EntryFactory$6                               : loaded 2 times (x 81B)
Class com.google.common.cache.LocalCache$EntryFactory$7                               : loaded 2 times (x 81B)
Class com.google.common.cache.LocalCache$EntryFactory$8                               : loaded 2 times (x 81B)
Class com.google.common.base.Predicate                                                : loaded 2 times (x 68B)
Class org.gradle.internal.classloader.FilteringClassLoader                            : loaded 2 times (x 103B)
Class com.google.common.collect.RegularImmutableSet                                   : loaded 2 times (x 146B)
Class [Lcom.google.common.cache.LocalCache$Strength;                                  : loaded 2 times (x 67B)
Class org.gradle.internal.classpath.DefaultClassPath$ImmutableUniqueList$Builder      : loaded 2 times (x 73B)
Class com.google.common.collect.Maps$8                                                : loaded 2 times (x 80B)
Class com.google.common.base.PatternCompiler                                          : loaded 2 times (x 68B)
Class [Lcom.google.common.cache.CacheBuilder$NullListener;                            : loaded 2 times (x 67B)
Class com.google.common.base.CharMatcher$InRange                                      : loaded 2 times (x 109B)
Class com.google.common.collect.BiMap                                                 : loaded 2 times (x 68B)
Class com.google.common.collect.Lists                                                 : loaded 2 times (x 69B)
Class com.google.common.math.IntMath$1                                                : loaded 2 times (x 69B)
Class org.gradle.internal.classloader.ClassLoaderVisitor                              : loaded 2 times (x 74B)
Class com.google.common.cache.CacheBuilder$NullListener                               : loaded 2 times (x 80B)
Class com.google.common.math.MathPreconditions                                        : loaded 2 times (x 69B)
Class org.gradle.internal.service.DefaultServiceLocator                               : loaded 2 times (x 81B)
Class org.gradle.internal.service.UnknownServiceException                             : loaded 2 times (x 81B)
Class com.google.common.collect.ArrayListMultimap                                     : loaded 2 times (x 170B)
Class com.google.common.base.Strings                                                  : loaded 2 times (x 69B)
Class com.google.common.cache.CacheLoader$InvalidCacheLoadException                   : loaded 2 times (x 80B)
Class org.gradle.internal.classloader.DefaultClassLoaderFactory                       : loaded 2 times (x 80B)
Class com.google.common.collect.UnmodifiableIterator                                  : loaded 2 times (x 78B)
Class com.google.common.base.Platform$JdkPatternCompiler                              : loaded 2 times (x 73B)
Class com.google.common.cache.LocalCache$LoadingValueReference                        : loaded 2 times (x 94B)
Class com.google.common.base.CharMatcher$SingleWidth                                  : loaded 2 times (x 110B)
Class com.google.common.collect.Hashing                                               : loaded 2 times (x 69B)
Class com.google.common.base.JdkPattern                                               : loaded 2 times (x 73B)
Class com.google.common.collect.Multimap                                              : loaded 2 times (x 68B)
Class com.google.common.base.FunctionalEquivalence                                    : loaded 2 times (x 81B)
Class com.google.common.cache.LocalCache$1                                            : loaded 2 times (x 87B)
Class com.google.common.cache.LocalCache$2                                            : loaded 2 times (x 140B)
Class com.google.common.collect.RegularImmutableBiMap                                 : loaded 2 times (x 146B)
Class org.gradle.internal.classloader.VisitableURLClassLoader$Spec                    : loaded 2 times (x 72B)
Class org.gradle.api.GradleException                                                  : loaded 2 times (x 80B)
Class com.google.common.base.CharMatcher$JavaLetterOrDigit                            : loaded 2 times (x 109B)
Class org.gradle.api.internal.classpath.ModuleRegistry                                : loaded 2 times (x 68B)
Class com.google.common.cache.CacheBuilder                                            : loaded 2 times (x 70B)
Class com.google.common.collect.ImmutableCollection                                   : loaded 2 times (x 123B)
Class com.google.common.base.PairwiseEquivalence                                      : loaded 2 times (x 81B)
Class com.google.common.base.Ticker                                                   : loaded 2 times (x 70B)
Class org.gradle.api.internal.ClassPathProvider                                       : loaded 2 times (x 68B)
Class com.google.common.collect.RegularImmutableMap$Values                            : loaded 2 times (x 167B)
Class org.gradle.internal.classloader.ClasspathUtil$1                                 : loaded 2 times (x 74B)
Class com.google.common.collect.ImmutableEnumMap                                      : loaded 2 times (x 123B)
Class com.google.common.collect.ImmutableList$ReverseImmutableList                    : loaded 2 times (x 168B)
Class com.google.common.cache.AbstractCache$StatsCounter                              : loaded 2 times (x 68B)
Class com.google.common.cache.LocalCache$Strength$1                                   : loaded 2 times (x 79B)
Class com.google.common.cache.LocalCache$Strength$2                                   : loaded 2 times (x 79B)
Class com.google.common.cache.LocalCache$Strength$3                                   : loaded 2 times (x 79B)
Class org.gradle.internal.classloader.ClassLoaderFactory                              : loaded 2 times (x 68B)
Class com.google.common.collect.ObjectArrays                                          : loaded 2 times (x 69B)
Class com.google.common.collect.Iterators$10                                          : loaded 2 times (x 79B)
Class com.google.common.collect.ImmutableList                                         : loaded 2 times (x 166B)
Class org.gradle.api.internal.classpath.ManifestUtil                                  : loaded 2 times (x 69B)
Class org.gradle.api.specs.Spec                                                       : loaded 2 times (x 68B)
Class com.google.common.cache.CacheLoader$UnsupportedLoadingOperationException        : loaded 2 times (x 80B)
Class com.google.common.base.CharMatcher$Whitespace                                   : loaded 2 times (x 110B)
Class com.google.common.collect.Iterators$1                                           : loaded 2 times (x 79B)
Class com.google.common.collect.Iterators$4                                           : loaded 2 times (x 80B)
Class com.google.common.collect.RegularImmutableMap$BucketOverflowException           : loaded 2 times (x 80B)
Class com.google.common.collect.Iterators$5                                           : loaded 2 times (x 80B)
Class com.google.common.base.Equivalence$Equals                                       : loaded 2 times (x 80B)
Class com.google.common.base.Preconditions                                            : loaded 2 times (x 69B)
Class com.google.common.base.Function                                                 : loaded 2 times (x 68B)
Class com.google.common.collect.Iterators$9                                           : loaded 2 times (x 79B)
Class org.gradle.internal.IoActions                                                   : loaded 2 times (x 69B)
Class com.google.common.cache.ReferenceEntry                                          : loaded 2 times (x 68B)
Class com.google.common.collect.RegularImmutableMap$KeySet                            : loaded 2 times (x 148B)
Class com.google.common.collect.CollectPreconditions                                  : loaded 2 times (x 69B)
Class com.google.common.collect.Maps                                                  : loaded 2 times (x 69B)
Class com.google.common.collect.RegularImmutableMap                                   : loaded 2 times (x 119B)
Class com.google.common.collect.AbstractIndexedListIterator                           : loaded 2 times (x 94B)
Class com.google.common.base.CharMatcher$None                                         : loaded 2 times (x 110B)
Class org.gradle.api.internal.classpath.EffectiveClassPath                            : loaded 2 times (x 88B)
Class com.google.common.collect.UnmodifiableListIterator                              : loaded 2 times (x 93B)
Class com.google.common.cache.CacheLoader$FunctionToCacheLoader                       : loaded 2 times (x 73B)
Class com.google.common.cache.CacheBuilder$1                                          : loaded 2 times (x 83B)
Class com.google.common.cache.CacheBuilder$2                                          : loaded 2 times (x 77B)
Class com.google.common.collect.ImmutableList$1                                       : loaded 2 times (x 95B)
Class com.google.common.base.Splitter$Strategy                                        : loaded 2 times (x 68B)
Class com.google.common.cache.CacheBuilder$3                                          : loaded 2 times (x 70B)
Class com.google.common.collect.ImmutableMapEntrySet$RegularEntrySet                  : loaded 2 times (x 149B)
Class [Lcom.google.common.cache.RemovalListener;                                      : loaded 2 times (x 67B)
Class [Lcom.google.common.collect.ImmutableMapEntry;                                  : loaded 2 times (x 67B)
Class org.gradle.internal.installation.CurrentGradleInstallation                      : loaded 2 times (x 71B)
Class org.gradle.internal.agents.InstrumentingClassLoader                             : loaded 2 times (x 68B)
Class org.gradle.internal.installation.CurrentGradleInstallationLocator               : loaded 2 times (x 69B)
Class [Lcom.google.common.cache.LocalCache$Segment;                                   : loaded 2 times (x 67B)
Class org.gradle.api.internal.classpath.Module                                        : loaded 2 times (x 68B)
Class com.google.common.base.Splitter$1$1                                             : loaded 2 times (x 84B)
Class com.google.common.collect.ImmutableSet$JdkBackedSetBuilderImpl                  : loaded 2 times (x 74B)
Class com.google.common.collect.ImmutableSet$RegularSetBuilderImpl                    : loaded 2 times (x 75B)
Class org.gradle.internal.service.CachingServiceLocator                               : loaded 2 times (x 80B)
Class [Lcom.google.common.collect.ImmutableEntry;                                     : loaded 2 times (x 67B)
Class org.gradle.internal.classpath.DefaultClassPath                                  : loaded 2 times (x 88B)
Class com.google.common.base.Splitter$SplittingIterator                               : loaded 2 times (x 82B)
Class com.google.common.cache.LocalCache$LocalManualCache$1                           : loaded 2 times (x 73B)
Class Build_gradle$1                                                                  : loaded 2 times (x 76B)
Class [Lcom.google.common.cache.LocalCache$EntryFactory;                              : loaded 2 times (x 67B)
Class com.google.common.base.CharMatcher$Is                                           : loaded 2 times (x 109B)
Class com.google.common.base.Platform                                                 : loaded 2 times (x 69B)
Class com.google.common.collect.RegularImmutableAsList                                : loaded 2 times (x 176B)
Class com.google.common.collect.PeekingIterator                                       : loaded 2 times (x 68B)
Class com.google.common.collect.ImmutableMapEntrySet                                  : loaded 2 times (x 149B)
Class com.google.common.cache.CacheLoader                                             : loaded 2 times (x 72B)
Class com.google.common.collect.ImmutableBiMapFauxverideShim                          : loaded 2 times (x 118B)
Class com.google.common.cache.Cache                                                   : loaded 2 times (x 68B)
Class org.gradle.internal.classloader.SystemClassLoaderSpec                           : loaded 2 times (x 69B)
Class com.google.common.collect.SingletonImmutableSet                                 : loaded 2 times (x 144B)
Class [Lcom.google.common.base.AbstractIterator$State;                                : loaded 2 times (x 67B)
Class com.google.common.collect.ImmutableMap$Builder                                  : loaded 2 times (x 80B)
Class com.google.common.base.AbstractIterator                                         : loaded 2 times (x 78B)
Class com.google.common.base.AbstractIterator$1                                       : loaded 2 times (x 69B)
Class [Lcom.google.common.cache.CacheBuilder$OneWeigher;                              : loaded 2 times (x 67B)
Class com.google.common.collect.Iterators                                             : loaded 2 times (x 69B)
Class com.google.common.base.CharMatcher$1                                            : loaded 2 times (x 111B)
Class com.google.common.base.CharMatcher$Ascii                                        : loaded 2 times (x 110B)
Class com.google.common.cache.LocalCache$ComputingValueReference                      : loaded 2 times (x 94B)
Class org.gradle.api.UncheckedIOException                                             : loaded 2 times (x 80B)
Class com.google.common.base.CharMatcher$And                                          : loaded 2 times (x 110B)
Class com.google.common.collect.IndexedImmutableSet                                   : loaded 2 times (x 148B)
Class com.google.common.collect.AbstractListMultimap                                  : loaded 2 times (x 170B)
Class com.google.common.base.CharMatcher$Any                                          : loaded 2 times (x 110B)
Class org.gradle.internal.installation.GradleInstallation                             : loaded 2 times (x 73B)
Class com.google.common.cache.LocalCache$Strength                                     : loaded 2 times (x 79B)
Class com.google.common.collect.ArrayListMultimapGwtSerializationDependencies         : loaded 2 times (x 170B)
Class com.google.common.base.CharMatcher$RangesMatcher                                : loaded 2 times (x 110B)
Class com.google.common.collect.ImmutableList$SubList                                 : loaded 2 times (x 168B)
Class com.google.common.cache.LocalCache$ValueReference                               : loaded 2 times (x 68B)
Class org.gradle.internal.classloader.ClasspathUtil                                   : loaded 2 times (x 69B)
Class com.google.common.base.Splitter$1                                               : loaded 2 times (x 75B)
Class com.google.common.base.Ticker$1                                                 : loaded 2 times (x 70B)
Class com.google.common.collect.Maps$BiMapConverter                                   : loaded 2 times (x 88B)
Class org.gradle.api.internal.DefaultClassPathRegistry                                : loaded 2 times (x 74B)
Class com.google.common.collect.ImmutableSet$SetBuilderImpl                           : loaded 2 times (x 74B)
Class org.gradle.api.internal.classpath.DefaultModuleRegistry$DefaultModule           : loaded 2 times (x 84B)
Class com.google.common.base.CharMatcher$JavaIsoControl                               : loaded 2 times (x 110B)
Class com.google.common.collect.ImmutableMap$1                                        : loaded 2 times (x 79B)
Class com.google.common.base.CharMatcher$Or                                           : loaded 2 times (x 110B)
Class org.gradle.kotlin.dsl.VersionCatalogAccessorsKt                                 : loaded 2 times (x 69B)
Class com.google.common.base.Suppliers$SupplierOfInstance                             : loaded 2 times (x 77B)
Class com.google.common.collect.Iterables                                             : loaded 2 times (x 69B)
Class com.google.common.base.CharMatcher$JavaLowerCase                                : loaded 2 times (x 109B)
Class org.gradle.api.internal.classpath.UnknownModuleException                        : loaded 2 times (x 80B)
Class com.google.common.collect.Maps$EntryTransformer                                 : loaded 2 times (x 68B)
Class com.google.common.collect.ImmutableCollection$Builder                           : loaded 2 times (x 74B)
Class com.google.common.collect.SingletonImmutableBiMap                               : loaded 2 times (x 141B)
Class com.google.common.base.CommonPattern                                            : loaded 2 times (x 72B)
Class com.google.common.base.Suppliers                                                : loaded 2 times (x 69B)
Class com.google.common.cache.LoadingCache                                            : loaded 2 times (x 68B)
Class org.gradle.internal.service.ServiceLookupException                              : loaded 2 times (x 80B)
Class org.gradle.cache.GlobalCache                                                    : loaded 2 times (x 68B)
Class com.google.common.base.CharMatcher$NegatedFastMatcher                           : loaded 2 times (x 111B)
Class [Lorg.gradle.api.internal.ClassPathProvider;                                    : loaded 2 times (x 67B)
Class org.gradle.util.internal.GUtil                                                  : loaded 2 times (x 69B)
Class com.google.common.math.IntMath                                                  : loaded 2 times (x 69B)
Class com.google.common.collect.AbstractIterator                                      : loaded 2 times (x 80B)
Class org.gradle.internal.classloader.ClassLoaderSpec                                 : loaded 2 times (x 69B)
Class com.google.common.base.NullnessCasts                                            : loaded 2 times (x 69B)
Class com.google.common.cache.LocalCache$LocalManualCache                             : loaded 2 times (x 97B)
Class com.google.common.collect.AbstractMapEntry                                      : loaded 2 times (x 79B)
Class com.google.common.base.CharMatcher$Negated                                      : loaded 2 times (x 111B)
Class com.google.common.cache.CacheLoader$1                                           : loaded 2 times (x 73B)
Class com.google.common.collect.ImmutableSet$Builder                                  : loaded 2 times (x 83B)
Class com.google.common.base.CharMatcher$ForPredicate                                 : loaded 2 times (x 110B)
Class com.google.common.collect.ImmutableMap$MapViewOfValuesAsSingletonSets           : loaded 2 times (x 123B)
Class com.google.common.base.MoreObjects                                              : loaded 2 times (x 69B)
Class com.google.common.collect.SortedMapDifference                                   : loaded 2 times (x 68B)
Class com.google.common.cache.CacheStats                                              : loaded 2 times (x 69B)
Class org.gradle.internal.classloader.VisitableURLClassLoader                         : loaded 2 times (x 115B)
Class com.google.common.cache.LocalCache$LocalLoadingCache                            : loaded 2 times (x 132B)
Class com.google.common.base.Supplier                                                 : loaded 2 times (x 68B)
Class com.google.common.collect.ImmutableBiMap                                        : loaded 2 times (x 141B)
Class org.gradle.internal.Cast                                                        : loaded 2 times (x 69B)
Class Build_gradle                                                                    : loaded 2 times (x 70B)
Class org.gradle.api.internal.ClassPathRegistry                                       : loaded 2 times (x 68B)
Class com.google.common.cache.LocalCache$EntryFactory                                 : loaded 2 times (x 81B)
Class com.google.common.util.concurrent.UncheckedExecutionException                   : loaded 2 times (x 80B)
Class com.google.common.collect.ImmutableSet                                          : loaded 2 times (x 143B)
Class org.gradle.internal.classloader.VisitableURLClassLoader$InstrumentingVisitableURLClassLoader: loaded 2 times (x 121B)
Class org.gradle.internal.classloader.ClassLoaderHierarchy                            : loaded 2 times (x 68B)
Class com.google.common.base.AbstractIterator$State                                   : loaded 2 times (x 77B)
Class com.google.common.cache.Weigher                                                 : loaded 2 times (x 68B)
Class com.google.common.base.CharMatcher$NamedFastMatcher                             : loaded 2 times (x 110B)
Class org.gradle.internal.InternalTransformer                                         : loaded 2 times (x 68B)
Class org.gradle.internal.service.ServiceLocator                                      : loaded 2 times (x 68B)
Class Settings_gradle$1                                                               : loaded 2 times (x 72B)
Class com.google.common.collect.ImmutableMapEntry                                     : loaded 2 times (x 83B)
Class com.google.common.base.CharMatcher$Invisible                                    : loaded 2 times (x 110B)
Class com.google.common.base.CharMatcher$FastMatcher                                  : loaded 2 times (x 109B)
Class org.gradle.internal.classpath.DefaultClassPath$ImmutableUniqueList              : loaded 2 times (x 159B)
Class com.google.common.base.CharMatcher$JavaLetter                                   : loaded 2 times (x 109B)
Class org.gradle.internal.classpath.TransformedClassPath                              : loaded 2 times (x 94B)
Class com.google.common.collect.MapDifference                                         : loaded 2 times (x 68B)
Class Settings_gradle                                                                 : loaded 2 times (x 126B)
Class com.google.common.collect.Platform                                              : loaded 2 times (x 69B)
Class com.google.common.collect.ImmutableAsList                                       : loaded 2 times (x 169B)
Class com.google.common.util.concurrent.ExecutionError                                : loaded 2 times (x 80B)
Class com.google.common.base.Equivalence$Identity                                     : loaded 2 times (x 80B)
Class com.google.common.base.CharMatcher$AnyOf                                        : loaded 2 times (x 110B)
Class com.google.common.base.CharMatcher$IsEither                                     : loaded 2 times (x 109B)
Class com.google.common.cache.LocalCache                                              : loaded 2 times (x 185B)
Class com.google.common.collect.RegularImmutableList                                  : loaded 2 times (x 172B)
Class com.google.common.base.CharMatcher$JavaUpperCase                                : loaded 2 times (x 109B)
Class com.google.common.collect.Multiset                                              : loaded 2 times (x 68B)
Class com.google.common.collect.ImmutableSet$CachingAsList                            : loaded 2 times (x 145B)
Class com.google.common.collect.ImmutableMapEntry$NonTerminalImmutableMapEntry        : loaded 2 times (x 83B)
Class com.google.common.collect.AbstractMapBasedMultimap                              : loaded 2 times (x 137B)


---------------  S Y S T E M  ---------------

OS:
 Windows 10 , 64 bit Build 19041 (10.0.19041.4717)
OS uptime: 1 days 3:23 hours
Hyper-V role detected

CPU: total 4 (initial active 4) (2 cores per cpu, 2 threads per core) family 6 model 69 stepping 1 microcode 0x26, cx8, cmov, fxsr, ht, mmx, sse, sse2, sse3, ssse3, sse4.1, sse4.2, popcnt, lzcnt, tsc, tscinvbit, avx, avx2, aes, erms, clmul, bmi1, bmi2, fma, vzeroupper, clflush, hv
Processor Information for all 4 processors :
  Max Mhz: 2701, Current Mhz: 2701, Mhz Limit: 2701

Memory: 4k page, system-wide physical 8089M (989M free)
TotalPageFile size 13502M (AvailPageFile size 43M)
current process WorkingSet (physical memory assigned to process): 319M, peak: 323M
current process commit charge ("private bytes"): 356M, peak: 415M

vm_info: OpenJDK 64-Bit Server VM (17.0.11+0--11852314) for windows-amd64 JRE (17.0.11+0--11852314), built on May 16 2024 21:29:20 by "androidbuild" with MS VC++ 16.10 / 16.11 (VS2019)

END.
